============================= test session starts ==============================
platform darwin -- Python 3.12.2, pytest-7.3.1, pluggy-1.6.0 -- /opt/anaconda3/bin/python
cachedir: .pytest_cache
rootdir: /Users/panda/Downloads/StockAnal_Sys
configfile: pytest.ini
plugins: freezegun-0.4.2, langsmith-0.4.37, cov-4.1.0, asyncio-0.21.1, anyio-4.13.0
asyncio: mode=Mode.STRICT
collecting ... collected 42 items

tests/backend/integration/test_investor_coordinator.py::TestInvestorCoordinatorAnalyze::test_analyze_invokes_all_four_investors_and_returns_consensus PASSED [  2%]
tests/backend/integration/test_investor_coordinator.py::TestInvestorCoordinatorAnalyze::test_analyze_handles_single_investor_exception PASSED [  4%]
tests/backend/integration/test_investor_coordinator.py::TestComputeVoteStats::test_all_buy PASSED [  7%]
tests/backend/integration/test_investor_coordinator.py::TestComputeVoteStats::test_two_buy_two_sell PASSED [  9%]
tests/backend/integration/test_investor_coordinator.py::TestComputeVoteStats::test_all_hold PASSED [ 11%]
tests/backend/integration/test_investor_coordinator.py::TestComputeVoteStats::test_empty_results PASSED [ 14%]
tests/backend/integration/test_investor_coordinator.py::TestComputeVoteStats::test_ignores_non_investor_keys PASSED [ 16%]
tests/backend/integration/test_investor_coordinator.py::TestComputeVoteStats::test_normalizes_invalid_recommendation_to_hold PASSED [ 19%]
tests/backend/integration/test_investor_coordinator.py::TestBuildConsensusAI::test_ai_returns_fixed_consensus PASSED [ 21%]
tests/backend/integration/test_investor_coordinator.py::TestBuildConsensusAI::test_empty_results_returns_default_hold PASSED [ 23%]
tests/backend/integration/test_investor_coordinator.py::TestFallbackConsensus::test_fallback_majority_buy PASSED [ 26%]
tests/backend/integration/test_investor_coordinator.py::TestFallbackConsensus::test_fallback_strong_consensus_label PASSED [ 28%]
tests/backend/integration/test_investor_coordinator.py::TestFallbackConsensus::test_fallback_disagreement_low_confidence PASSED [ 30%]
tests/backend/integration/test_investor_coordinator.py::TestFallbackConsensus::test_build_consensus_falls_back_when_llm_raises PASSED [ 33%]
tests/backend/integration/test_investor_coordinator.py::TestFallbackConsensus::test_build_consensus_falls_back_when_llm_returns_error PASSED [ 35%]
tests/backend/integration/test_hitl.py::TestRequestApprovalEvent::test_publishes_approval_needed_event PASSED [ 38%]
tests/backend/integration/test_hitl.py::TestApprove::test_approve_unblocks_and_marks_approved PASSED [ 40%]
tests/backend/integration/test_hitl.py::TestReject::test_reject_unblocks_and_marks_rejected PASSED [ 42%]
tests/backend/integration/test_hitl.py::TestReject::test_submit_for_unknown_task_returns_false PASSED [ 45%]
tests/backend/integration/test_hitl.py::TestProcessRestartRisk::test_new_instance_loses_all_pending_approvals PASSED [ 47%]
tests/backend/integration/test_hitl.py::TestProcessRestartRisk::test_pending_state_not_shared_between_instances PASSED [ 50%]
tests/backend/unit/test_investors_buffett.py::test_buffett_happy_path_buy PASSED [ 52%]
tests/backend/unit/test_investors_buffett.py::test_buffett_fallback_on_llm_error PASSED [ 54%]
tests/backend/unit/test_investors_buffett.py::test_buffett_fallback_when_ai_client_missing PASSED [ 57%]
tests/backend/unit/test_investors_buffett.py::test_buffett_with_full_state_triggers_report_compile PASSED [ 59%]
tests/backend/unit/test_investors_buffett.py::test_buffett_parses_json_with_extra_text PASSED [ 61%]
tests/backend/unit/test_investors_buffett.py::test_buffett_empty_ai_content_falls_back PASSED [ 64%]
tests/backend/unit/test_investors_munger.py::test_munger_happy_path_sell PASSED [ 66%]
tests/backend/unit/test_investors_munger.py::test_munger_fallback_on_llm_error PASSED [ 69%]
tests/backend/unit/test_investors_munger.py::test_munger_no_ai_client PASSED [ 71%]
tests/backend/unit/test_investors_munger.py::test_munger_full_state_and_json_block PASSED [ 73%]
tests/backend/unit/test_investors_munger.py::test_munger_empty_content PASSED [ 76%]
tests/backend/unit/test_investors_lynch.py::test_lynch_happy_path_buy PASSED [ 78%]
tests/backend/unit/test_investors_lynch.py::test_lynch_fallback_on_llm_error PASSED [ 80%]
tests/backend/unit/test_investors_lynch.py::test_lynch_no_ai_client PASSED [ 83%]
tests/backend/unit/test_investors_lynch.py::test_lynch_full_state_with_markdown_json PASSED [ 85%]
tests/backend/unit/test_investors_lynch.py::test_lynch_empty_content PASSED [ 88%]
tests/backend/unit/test_investors_damodaran.py::test_damodaran_happy_path_buy PASSED [ 90%]
tests/backend/unit/test_investors_damodaran.py::test_damodaran_fallback_on_llm_error PASSED [ 92%]
tests/backend/unit/test_investors_damodaran.py::test_damodaran_no_ai_client PASSED [ 95%]
tests/backend/unit/test_investors_damodaran.py::test_damodaran_full_state_with_markdown_json PASSED [ 97%]
tests/backend/unit/test_investors_damodaran.py::test_damodaran_empty_content PASSED [100%]

=============================== warnings summary ===============================
tests/backend/unit/test_investors_buffett.py::test_buffett_happy_path_buy
  /opt/anaconda3/lib/python3.12/site-packages/openbb_core/provider/utils/client.py:65: DeprecationWarning: Inheritance class ClientSession from ClientSession is discouraged
    class ClientSession(aiohttp.ClientSession):

tests/backend/unit/test_investors_buffett.py::test_buffett_happy_path_buy
  /opt/anaconda3/lib/python3.12/site-packages/openbb_core/app/model/system_settings.py:77: PydanticDeprecatedSince212: Using `@model_validator` with mode='after' on a classmethod is deprecated. Instead, use an instance method. See the documentation at https://docs.pydantic.dev/2.12/concepts/validators/#model-after-validator. Deprecated in Pydantic V2.12 to be removed in V3.0.
    @model_validator(mode="after")  # type: ignore

tests/backend/unit/test_investors_buffett.py::test_buffett_happy_path_buy
  /opt/anaconda3/lib/python3.12/site-packages/openbb_intrinio/models/equity_historical.py:83: PydanticDeprecatedSince212: Using `@model_validator` with mode='after' on a classmethod is deprecated. Instead, use an instance method. See the documentation at https://docs.pydantic.dev/2.12/concepts/validators/#model-after-validator. Deprecated in Pydantic V2.12 to be removed in V3.0.
    @model_validator(mode="after")

tests/backend/unit/test_investors_buffett.py::test_buffett_happy_path_buy
  /opt/anaconda3/lib/python3.12/site-packages/openbb_intrinio/models/forward_eps_estimates.py:52: PydanticDeprecatedSince212: Using `@model_validator` with mode='after' on a classmethod is deprecated. Instead, use an instance method. See the documentation at https://docs.pydantic.dev/2.12/concepts/validators/#model-after-validator. Deprecated in Pydantic V2.12 to be removed in V3.0.
    @model_validator(mode="after")

tests/backend/unit/test_investors_buffett.py::test_buffett_happy_path_buy
  /opt/anaconda3/lib/python3.12/site-packages/openbb_intrinio/models/forward_sales_estimates.py:52: PydanticDeprecatedSince212: Using `@model_validator` with mode='after' on a classmethod is deprecated. Instead, use an instance method. See the documentation at https://docs.pydantic.dev/2.12/concepts/validators/#model-after-validator. Deprecated in Pydantic V2.12 to be removed in V3.0.
    @model_validator(mode="after")

tests/backend/unit/test_investors_buffett.py::test_buffett_happy_path_buy
  /opt/anaconda3/lib/python3.12/site-packages/openbb_intrinio/models/options_chains.py:118: PydanticDeprecatedSince212: Using `@model_validator` with mode='after' on a classmethod is deprecated. Instead, use an instance method. See the documentation at https://docs.pydantic.dev/2.12/concepts/validators/#model-after-validator. Deprecated in Pydantic V2.12 to be removed in V3.0.
    @model_validator(mode="after")

tests/backend/unit/test_investors_buffett.py::test_buffett_happy_path_buy
  /opt/anaconda3/lib/python3.12/site-packages/openbb_polygon/models/crypto_historical.py:51: PydanticDeprecatedSince212: Using `@model_validator` with mode='after' on a classmethod is deprecated. Instead, use an instance method. See the documentation at https://docs.pydantic.dev/2.12/concepts/validators/#model-after-validator. Deprecated in Pydantic V2.12 to be removed in V3.0.
    @model_validator(mode="after")

tests/backend/unit/test_investors_buffett.py::test_buffett_happy_path_buy
  /opt/anaconda3/lib/python3.12/site-packages/openbb_polygon/models/currency_historical.py:50: PydanticDeprecatedSince212: Using `@model_validator` with mode='after' on a classmethod is deprecated. Instead, use an instance method. See the documentation at https://docs.pydantic.dev/2.12/concepts/validators/#model-after-validator. Deprecated in Pydantic V2.12 to be removed in V3.0.
    @model_validator(mode="after")

tests/backend/unit/test_investors_buffett.py::test_buffett_happy_path_buy
  /opt/anaconda3/lib/python3.12/site-packages/openbb_polygon/models/equity_historical.py:59: PydanticDeprecatedSince212: Using `@model_validator` with mode='after' on a classmethod is deprecated. Instead, use an instance method. See the documentation at https://docs.pydantic.dev/2.12/concepts/validators/#model-after-validator. Deprecated in Pydantic V2.12 to be removed in V3.0.
    @model_validator(mode="after")

tests/backend/unit/test_investors_buffett.py::test_buffett_happy_path_buy
  /opt/anaconda3/lib/python3.12/site-packages/openbb_polygon/models/index_historical.py:49: PydanticDeprecatedSince212: Using `@model_validator` with mode='after' on a classmethod is deprecated. Instead, use an instance method. See the documentation at https://docs.pydantic.dev/2.12/concepts/validators/#model-after-validator. Deprecated in Pydantic V2.12 to be removed in V3.0.
    @model_validator(mode="after")

tests/backend/unit/test_investors_buffett.py::test_buffett_happy_path_buy
  /opt/anaconda3/lib/python3.12/site-packages/openbb_core/app/model/credentials.py:197: PydanticDeprecatedSince211: Accessing the 'model_fields' attribute on the instance is deprecated. Instead, you should access this attribute from the model class. Deprecated in Pydantic V2.11 to be removed in V3.0.
    if key not in self.model_fields:

tests/backend/unit/test_investors_damodaran.py: 128 warnings
  /opt/anaconda3/lib/python3.12/site-packages/urllib3/connectionpool.py:1097: InsecureRequestWarning: Unverified HTTPS request is being made to host '124.221.30.195'. Adding certificate verification is strongly advised. See: https://urllib3.readthedocs.io/en/latest/advanced-usage.html#tls-warnings
    warnings.warn(

-- Docs: https://docs.pytest.org/en/stable/how-to/capture-warnings.html
================= 42 passed, 139 warnings in 355.25s (0:05:55) =================
    @model_validator(mode="after")

tests/backend/unit/test_investors_buffett.py::test_buffett_happy_path_buy
  /opt/anaconda3/lib/python3.12/site-packages/openbb_core/app/model/credentials.py:197: PydanticDeprecatedSince211: Accessing the 'model_fields' attribute on the instance is deprecated. Instead, you should access this attribute from the model class. Deprecated in Pydantic V2.11 to be removed in V3.0.
    if key not in self.model_fields:

tests/backend/unit/test_investors_damodaran.py: 128 warnings
  /opt/anaconda3/lib/python3.12/site-packages/urllib3/connectionpool.py:1097: InsecureRequestWarning: Unverified HTTPS request is being made to host '124.221.30.195'. Adding certificate verification is strongly advised. See: https://urllib3.readthedocs.io/en/latest/advanced-usage.html#tls-warnings
    warnings.warn(

-- Docs: https://docs.pytest.org/en/stable/how-to/capture-warnings.html

---------- coverage: platform darwin, python 3.12.2-final-0 ----------
Name                                           Stmts   Miss Branch BrPart  Cover   Missing
------------------------------------------------------------------------------------------
app/agents/hitl.py                                60     11     12      3    81%   39-40, 59-60, 63-65, 100-104
app/agents/investors/buffett.py                  109     19     38      8    80%   33, 36-40, 74, 82-83, 127->130, 138, 152-153, 159-162, 212-214, 239
app/agents/investors/damodaran.py                107     15     38      9    82%   32, 36, 72, 80-81, 147->150, 158, 171-172, 178-181, 229-231, 256, 262->261
app/agents/investors/investor_coordinator.py     176     33     48     10    81%   20-48, 88-90, 98->102, 151, 217, 303->321, 305->321, 332-334, 341, 345, 349, 362-364, 382-383
app/agents/investors/lynch.py                    109     19     38      9    80%   32-36, 39, 73, 81-82, 148->151, 159, 172-173, 179-182, 230-232, 257, 263->262
app/agents/investors/munger.py                   109     16     38     10    81%   32, 34->40, 38-39, 72->76, 81-82, 145->148, 156, 169-170, 176-179, 227-229, 254, 260->259, 263
------------------------------------------------------------------------------------------
TOTAL                                            670    113    212     49    81%

================= 42 passed, 139 warnings in 369.11s (0:06:09) =================
