============================= test session starts ==============================
platform darwin -- Python 3.12.2, pytest-7.3.1, pluggy-1.6.0 -- /opt/anaconda3/bin/python
cachedir: .pytest_cache
rootdir: /Users/panda/Downloads/StockAnal_Sys
configfile: pytest.ini
plugins: freezegun-0.4.2, langsmith-0.4.37, cov-4.1.0, asyncio-0.21.1, anyio-4.13.0
asyncio: mode=Mode.STRICT
collecting ... collected 60 items

tests/backend/unit/test_core_cache.py::test_set_get_roundtrip PASSED     [  1%]
tests/backend/unit/test_core_cache.py::test_ttl_expiry PASSED            [  3%]
tests/backend/unit/test_core_cache.py::test_delete_and_missing PASSED    [  5%]
tests/backend/unit/test_core_cache.py::test_clear_expired PASSED         [  6%]
tests/backend/unit/test_core_cache.py::test_singleton_identity PASSED    [  8%]
tests/backend/unit/test_core_cache.py::test_concurrent_writes PASSED     [ 10%]
tests/backend/unit/test_core_cache.py::test_redis_path_with_mock PASSED  [ 11%]
tests/backend/unit/test_core_cache.py::test_redis_failure_falls_back_to_memory PASSED [ 13%]
tests/backend/unit/test_core_database.py::test_init_db_creates_tables PASSED [ 15%]
tests/backend/unit/test_core_database.py::test_stock_info_crud_and_to_dict PASSED [ 16%]
tests/backend/unit/test_core_database.py::test_analysis_result_with_json_fields PASSED [ 18%]
tests/backend/unit/test_core_database.py::test_portfolio_with_json_stocks PASSED [ 20%]
tests/backend/unit/test_core_database.py::test_index_on_stock_code PASSED [ 21%]
tests/backend/unit/test_core_database.py::test_multiple_records_isolation PASSED [ 23%]
tests/backend/unit/test_core_agent_memory.py::test_save_and_get_history_isolation PASSED [ 25%]
tests/backend/unit/test_core_agent_memory.py::test_confidence_normalization_string PASSED [ 26%]
tests/backend/unit/test_core_agent_memory.py::test_confidence_normalization_out_of_range PASSED [ 28%]
tests/backend/unit/test_core_agent_memory.py::test_history_cap_50 PASSED [ 30%]
tests/backend/unit/test_core_agent_memory.py::test_json_persistence_on_disk PASSED [ 31%]
tests/backend/unit/test_core_agent_memory.py::test_save_agent_analysis_and_context PASSED [ 33%]
tests/backend/unit/test_core_agent_memory.py::test_context_prompt_empty_when_no_history PASSED [ 35%]
tests/backend/unit/test_core_agent_memory.py::test_search_similar_empty_query PASSED [ 36%]
tests/backend/unit/test_core_agent_memory.py::test_search_similar_with_history PASSED [ 38%]
tests/backend/unit/test_core_agent_memory.py::test_get_semantic_context_returns_string PASSED [ 40%]
tests/backend/unit/test_core_agent_memory.py::test_get_context_prompt_format PASSED [ 41%]
tests/backend/unit/test_core_fallback_manager.py::test_first_adapter_success_no_fallback PASSED [ 43%]
tests/backend/unit/test_core_fallback_manager.py::test_fallback_to_second_when_first_fails PASSED [ 45%]
tests/backend/unit/test_core_fallback_manager.py::test_all_failures_raise PASSED [ 46%]
tests/backend/unit/test_core_fallback_manager.py::test_retry_within_adapter PASSED [ 48%]
tests/backend/unit/test_core_fallback_manager.py::test_missing_method_skipped PASSED [ 50%]
tests/backend/unit/test_core_fallback_manager.py::test_is_valid_result_dataframe PASSED [ 51%]
tests/backend/unit/test_core_fallback_manager.py::test_is_valid_result_collections PASSED [ 53%]
tests/backend/unit/test_core_fallback_manager.py::test_reset_status_and_get_status PASSED [ 55%]
tests/backend/unit/test_core_fallback_manager.py::test_invalid_result_triggers_fallback PASSED [ 56%]
tests/backend/unit/test_core_data_provider.py::test_singleton_identity PASSED [ 58%]
tests/backend/unit/test_core_data_provider.py::test_get_stock_history_uses_fallback_and_cache PASSED [ 60%]
tests/backend/unit/test_core_data_provider.py::test_get_stock_info_caches_dict PASSED [ 61%]
tests/backend/unit/test_core_data_provider.py::test_pass_through_methods_call_fallback PASSED [ 63%]
tests/backend/unit/test_core_data_provider.py::test_health_and_status_delegated PASSED [ 65%]
tests/backend/unit/test_core_data_provider.py::test_rate_limiter_sleeps_between_calls PASSED [ 66%]
tests/backend/unit/test_core_data_provider.py::test_empty_history_not_cached PASSED [ 68%]
tests/backend/unit/test_core_search.py::test_search_web_delegates_to_multi_search PASSED [ 70%]
tests/backend/unit/test_core_search.py::test_search_web_swallows_exceptions PASSED [ 71%]
tests/backend/unit/test_core_search.py::test_search_stock_news_unified_dedup_by_url PASSED [ 73%]
tests/backend/unit/test_core_search.py::test_search_one_disabled_returns_empty PASSED [ 75%]
tests/backend/unit/test_core_search.py::test_search_one_unknown_engine_returns_empty PASSED [ 76%]
tests/backend/unit/test_core_search.py::test_search_one_html_engine_with_mock PASSED [ 78%]
tests/backend/unit/test_core_search.py::test_search_one_http_failure_returns_empty PASSED [ 80%]
tests/backend/unit/test_core_search.py::test_multi_search_single_engine_success PASSED [ 81%]
tests/backend/unit/test_core_search.py::test_multi_search_auto_falls_through_chain PASSED [ 83%]
tests/backend/unit/test_core_search.py::test_multi_search_all_fail_returns_empty PASSED [ 85%]
tests/backend/unit/test_core_search.py::test_multi_search_concurrent_mode PASSED [ 86%]
tests/backend/unit/test_core_search.py::test_concurrent_search_dedups_by_url PASSED [ 88%]
tests/backend/unit/test_core_search.py::test_list_engines_excludes_disabled PASSED [ 90%]
tests/backend/unit/test_core_search.py::test_parse_generic_with_minimal_html PASSED [ 91%]
tests/backend/unit/test_core_search.py::test_parse_generic_handles_bad_html PASSED [ 93%]
tests/backend/unit/test_core_search.py::test_search_ddgs_with_mocked_module PASSED [ 95%]
tests/backend/unit/test_core_search.py::test_search_wikipedia_with_mocked_http PASSED [ 96%]
tests/backend/unit/test_core_search.py::test_multi_search_unknown_engine_falls_to_auto PASSED [ 98%]
tests/backend/unit/test_core_search.py::test_http_get_error_returns_none PASSED [100%]

=============================== warnings summary ===============================
../../../../opt/anaconda3/lib/python3.12/site-packages/openbb_core/provider/utils/client.py:65
  /opt/anaconda3/lib/python3.12/site-packages/openbb_core/provider/utils/client.py:65: DeprecationWarning: Inheritance class ClientSession from ClientSession is discouraged
    class ClientSession(aiohttp.ClientSession):

../../../../opt/anaconda3/lib/python3.12/site-packages/openbb_core/app/model/system_settings.py:77
  /opt/anaconda3/lib/python3.12/site-packages/openbb_core/app/model/system_settings.py:77: PydanticDeprecatedSince212: Using `@model_validator` with mode='after' on a classmethod is deprecated. Instead, use an instance method. See the documentation at https://docs.pydantic.dev/2.12/concepts/validators/#model-after-validator. Deprecated in Pydantic V2.12 to be removed in V3.0.
    @model_validator(mode="after")  # type: ignore

../../../../opt/anaconda3/lib/python3.12/site-packages/openbb_intrinio/models/equity_historical.py:83
  /opt/anaconda3/lib/python3.12/site-packages/openbb_intrinio/models/equity_historical.py:83: PydanticDeprecatedSince212: Using `@model_validator` with mode='after' on a classmethod is deprecated. Instead, use an instance method. See the documentation at https://docs.pydantic.dev/2.12/concepts/validators/#model-after-validator. Deprecated in Pydantic V2.12 to be removed in V3.0.
    @model_validator(mode="after")

../../../../opt/anaconda3/lib/python3.12/site-packages/openbb_intrinio/models/forward_eps_estimates.py:52
  /opt/anaconda3/lib/python3.12/site-packages/openbb_intrinio/models/forward_eps_estimates.py:52: PydanticDeprecatedSince212: Using `@model_validator` with mode='after' on a classmethod is deprecated. Instead, use an instance method. See the documentation at https://docs.pydantic.dev/2.12/concepts/validators/#model-after-validator. Deprecated in Pydantic V2.12 to be removed in V3.0.
    @model_validator(mode="after")

../../../../opt/anaconda3/lib/python3.12/site-packages/openbb_intrinio/models/forward_sales_estimates.py:52
  /opt/anaconda3/lib/python3.12/site-packages/openbb_intrinio/models/forward_sales_estimates.py:52: PydanticDeprecatedSince212: Using `@model_validator` with mode='after' on a classmethod is deprecated. Instead, use an instance method. See the documentation at https://docs.pydantic.dev/2.12/concepts/validators/#model-after-validator. Deprecated in Pydantic V2.12 to be removed in V3.0.
    @model_validator(mode="after")

../../../../opt/anaconda3/lib/python3.12/site-packages/openbb_intrinio/models/options_chains.py:118
  /opt/anaconda3/lib/python3.12/site-packages/openbb_intrinio/models/options_chains.py:118: PydanticDeprecatedSince212: Using `@model_validator` with mode='after' on a classmethod is deprecated. Instead, use an instance method. See the documentation at https://docs.pydantic.dev/2.12/concepts/validators/#model-after-validator. Deprecated in Pydantic V2.12 to be removed in V3.0.
    @model_validator(mode="after")

../../../../opt/anaconda3/lib/python3.12/site-packages/openbb_polygon/models/crypto_historical.py:51
  /opt/anaconda3/lib/python3.12/site-packages/openbb_polygon/models/crypto_historical.py:51: PydanticDeprecatedSince212: Using `@model_validator` with mode='after' on a classmethod is deprecated. Instead, use an instance method. See the documentation at https://docs.pydantic.dev/2.12/concepts/validators/#model-after-validator. Deprecated in Pydantic V2.12 to be removed in V3.0.
    @model_validator(mode="after")

../../../../opt/anaconda3/lib/python3.12/site-packages/openbb_polygon/models/currency_historical.py:50
  /opt/anaconda3/lib/python3.12/site-packages/openbb_polygon/models/currency_historical.py:50: PydanticDeprecatedSince212: Using `@model_validator` with mode='after' on a classmethod is deprecated. Instead, use an instance method. See the documentation at https://docs.pydantic.dev/2.12/concepts/validators/#model-after-validator. Deprecated in Pydantic V2.12 to be removed in V3.0.
    @model_validator(mode="after")

../../../../opt/anaconda3/lib/python3.12/site-packages/openbb_polygon/models/equity_historical.py:59
  /opt/anaconda3/lib/python3.12/site-packages/openbb_polygon/models/equity_historical.py:59: PydanticDeprecatedSince212: Using `@model_validator` with mode='after' on a classmethod is deprecated. Instead, use an instance method. See the documentation at https://docs.pydantic.dev/2.12/concepts/validators/#model-after-validator. Deprecated in Pydantic V2.12 to be removed in V3.0.
    @model_validator(mode="after")

../../../../opt/anaconda3/lib/python3.12/site-packages/openbb_polygon/models/index_historical.py:49
  /opt/anaconda3/lib/python3.12/site-packages/openbb_polygon/models/index_historical.py:49: PydanticDeprecatedSince212: Using `@model_validator` with mode='after' on a classmethod is deprecated. Instead, use an instance method. See the documentation at https://docs.pydantic.dev/2.12/concepts/validators/#model-after-validator. Deprecated in Pydantic V2.12 to be removed in V3.0.
    @model_validator(mode="after")

../../../../opt/anaconda3/lib/python3.12/site-packages/openbb_core/app/model/credentials.py:197
  /opt/anaconda3/lib/python3.12/site-packages/openbb_core/app/model/credentials.py:197: PydanticDeprecatedSince211: Accessing the 'model_fields' attribute on the instance is deprecated. Instead, you should access this attribute from the model class. Deprecated in Pydantic V2.11 to be removed in V3.0.
    if key not in self.model_fields:

../../../../opt/anaconda3/lib/python3.12/site-packages/_pytest/assertion/rewrite.py:683
  /opt/anaconda3/lib/python3.12/site-packages/_pytest/assertion/rewrite.py:683: DeprecationWarning: ast.Str is deprecated and will be removed in Python 3.14; use ast.Constant instead
    and isinstance(item.value, ast.Str)

../../../../opt/anaconda3/lib/python3.12/site-packages/_pytest/assertion/rewrite.py:685
  /opt/anaconda3/lib/python3.12/site-packages/_pytest/assertion/rewrite.py:685: DeprecationWarning: Attribute s is deprecated and will be removed in Python 3.14; use value instead
    doc = item.value.s

../../../../opt/anaconda3/lib/python3.12/site-packages/_pytest/assertion/rewrite.py:941
  /opt/anaconda3/lib/python3.12/site-packages/_pytest/assertion/rewrite.py:941: DeprecationWarning: ast.NameConstant is deprecated and will be removed in Python 3.14; use ast.Constant instead
    clear = ast.Assign(variables, ast.NameConstant(None))

../../../../opt/anaconda3/lib/python3.12/site-packages/_pytest/assertion/rewrite.py:1016
  /opt/anaconda3/lib/python3.12/site-packages/_pytest/assertion/rewrite.py:1016: DeprecationWarning: ast.Num is deprecated and will be removed in Python 3.14; use ast.Constant instead
    expl_template = self.helper("_format_boolop", expl_list, ast.Num(is_or))

../../../../opt/anaconda3/lib/python3.12/site-packages/pytest_freezegun.py:17
  /opt/anaconda3/lib/python3.12/site-packages/pytest_freezegun.py:17: DeprecationWarning: distutils Version classes are deprecated. Use packaging.version instead.
    if LooseVersion(pytest.__version__) < LooseVersion('3.6.0'):

-- Docs: https://docs.pytest.org/en/stable/how-to/capture-warnings.html
======================= 60 passed, 16 warnings in 9.00s ========================

../../../../opt/anaconda3/lib/python3.12/site-packages/openbb_core/app/model/credentials.py:197
  /opt/anaconda3/lib/python3.12/site-packages/openbb_core/app/model/credentials.py:197: PydanticDeprecatedSince211: Accessing the 'model_fields' attribute on the instance is deprecated. Instead, you should access this attribute from the model class. Deprecated in Pydantic V2.11 to be removed in V3.0.
    if key not in self.model_fields:

../../../../opt/anaconda3/lib/python3.12/site-packages/pytest_freezegun.py:17
  /opt/anaconda3/lib/python3.12/site-packages/pytest_freezegun.py:17: DeprecationWarning: distutils Version classes are deprecated. Use packaging.version instead.
    if LooseVersion(pytest.__version__) < LooseVersion('3.6.0'):

-- Docs: https://docs.pytest.org/en/stable/how-to/capture-warnings.html

---------- coverage: platform darwin, python 3.12.2-final-0 ----------
Name                           Stmts   Miss Branch BrPart  Cover   Missing
--------------------------------------------------------------------------
app/core/agent_memory.py         143     42     46     10    68%   31, 82, 98->97, 104-109, 117-124, 141, 146, 150-169, 174, 199, 223, 230-231, 238-239, 248-250
app/core/cache.py                 83      5     22      2    93%   50-52, 61->67, 96-97, 108->110
app/core/data_provider.py         99     23     20      3    75%   29->32, 36, 95->97, 101-112, 123-124, 128-129, 133-134, 138-139, 143-144, 148-149, 155
app/core/database.py              50      3      2      1    92%   92, 97, 102
app/core/fallback_manager.py      79      7     32      3    89%   60, 91-96, 100->102
app/core/search.py                27      3      6      0    91%   46-48
app/core/search_engines.py       216     87     62      8    60%   170-173, 183-185, 193, 198, 206, 208-210, 219-220, 232-234, 251-268, 276-304, 309-324, 329-349, 372, 376-377, 420, 422, 434-435, 448-449, 456
--------------------------------------------------------------------------
TOTAL                            697    170    190     27    74%

======================= 60 passed, 12 warnings in 12.78s =======================
