============================= test session starts ==============================
platform darwin -- Python 3.12.2, pytest-7.3.1, pluggy-1.6.0 -- /opt/anaconda3/bin/python
cachedir: .pytest_cache
rootdir: /Users/panda/Downloads/StockAnal_Sys
configfile: pytest.ini
plugins: freezegun-0.4.2, langsmith-0.4.37, cov-4.1.0, asyncio-0.21.1, anyio-4.13.0
asyncio: mode=Mode.STRICT
collecting ... collected 54 items

tests/backend/unit/test_analysis_industry.py::test_instantiate PASSED    [  1%]
tests/backend/unit/test_analysis_industry.py::test_safe_helpers PASSED   [  3%]
tests/backend/unit/test_analysis_industry.py::test_get_industry_fund_flow_ok PASSED [  5%]
tests/backend/unit/test_analysis_industry.py::test_get_industry_fund_flow_empty PASSED [  7%]
tests/backend/unit/test_analysis_industry.py::test_get_industry_fund_flow_exception PASSED [  9%]
tests/backend/unit/test_analysis_industry.py::test_get_industry_fund_flow_cache_hit PASSED [ 11%]
tests/backend/unit/test_analysis_industry.py::test_calculate_industry_score_positive PASSED [ 12%]
tests/backend/unit/test_analysis_industry.py::test_calculate_industry_score_negative PASSED [ 14%]
tests/backend/unit/test_analysis_industry.py::test_calculate_industry_score_exception PASSED [ 16%]
tests/backend/unit/test_analysis_industry.py::test_generate_industry_recommendation_levels PASSED [ 18%]
tests/backend/unit/test_analysis_industry.py::test_get_industry_code_mapping PASSED [ 20%]
tests/backend/unit/test_analysis_industry.py::test_get_industry_stocks_fallback_mock PASSED [ 22%]
tests/backend/unit/test_analysis_industry.py::test_get_industry_stocks_cache PASSED [ 24%]
tests/backend/unit/test_analysis_industry.py::test_get_industry_detail_not_found PASSED [ 25%]
tests/backend/unit/test_analysis_industry.py::test_get_industry_detail_basic PASSED [ 27%]
tests/backend/unit/test_analysis_industry.py::test_compare_industries_empty PASSED [ 29%]
tests/backend/unit/test_analysis_industry.py::test_compare_industries_with_data PASSED [ 31%]
tests/backend/unit/test_analysis_index_industry.py::test_instantiate PASSED [ 33%]
tests/backend/unit/test_analysis_index_industry.py::test_analyze_index_success PASSED [ 35%]
tests/backend/unit/test_analysis_index_industry.py::test_analyze_index_unsupported_code PASSED [ 37%]
tests/backend/unit/test_analysis_index_industry.py::test_analyze_index_empty_stocks PASSED [ 38%]
tests/backend/unit/test_analysis_index_industry.py::test_analyze_industry_success PASSED [ 40%]
tests/backend/unit/test_analysis_index_industry.py::test_analyze_industry_empty PASSED [ 42%]
tests/backend/unit/test_analysis_index_industry.py::test_analyze_index_cache_hit PASSED [ 44%]
tests/backend/unit/test_analysis_index_industry.py::test_compare_industries_basic PASSED [ 46%]
tests/backend/unit/test_analysis_news_fetcher.py::test_instantiate PASSED [ 48%]
tests/backend/unit/test_analysis_news_fetcher.py::test_calculate_hash PASSED [ 50%]
tests/backend/unit/test_analysis_news_fetcher.py::test_derive_title PASSED [ 51%]
tests/backend/unit/test_analysis_news_fetcher.py::test_compose_published_at PASSED [ 53%]
tests/backend/unit/test_analysis_news_fetcher.py::test_get_news_filename PASSED [ 55%]
tests/backend/unit/test_analysis_news_fetcher.py::test_fetch_and_save_ok PASSED [ 57%]
tests/backend/unit/test_analysis_news_fetcher.py::test_fetch_and_save_empty PASSED [ 59%]
tests/backend/unit/test_analysis_news_fetcher.py::test_fetch_and_save_exception PASSED [ 61%]
tests/backend/unit/test_analysis_news_fetcher.py::test_fetch_news_task PASSED [ 62%]
tests/backend/unit/test_analysis_news_fetcher.py::test_start_news_scheduler_no_real_thread PASSED [ 64%]
tests/backend/unit/test_analysis_news_fetcher.py::test_get_latest_news_empty PASSED [ 66%]
tests/backend/unit/test_analysis_news_fetcher.py::test_get_latest_news_with_file PASSED [ 68%]
tests/backend/unit/test_analysis_risk_monitor.py::test_instantiate PASSED [ 70%]
tests/backend/unit/test_analysis_risk_monitor.py::test_analyze_stock_risk_normal PASSED [ 72%]
tests/backend/unit/test_analysis_risk_monitor.py::test_analyze_stock_risk_high_volatility PASSED [ 74%]
tests/backend/unit/test_analysis_risk_monitor.py::test_analyze_stock_risk_exception PASSED [ 75%]
tests/backend/unit/test_analysis_risk_monitor.py::test_analyze_volatility_risk_low PASSED [ 77%]
tests/backend/unit/test_analysis_risk_monitor.py::test_analyze_trend_risk_up PASSED [ 79%]
tests/backend/unit/test_analysis_risk_monitor.py::test_analyze_trend_risk_down PASSED [ 81%]
tests/backend/unit/test_analysis_risk_monitor.py::test_analyze_volume_risk_spike PASSED [ 83%]
tests/backend/unit/test_analysis_risk_monitor.py::test_analyze_portfolio_risk_empty PASSED [ 85%]
tests/backend/unit/test_analysis_risk_monitor.py::test_analyze_portfolio_risk_basic PASSED [ 87%]
tests/backend/unit/test_analysis_us_stock.py::test_instantiate PASSED    [ 88%]
tests/backend/unit/test_analysis_us_stock.py::test_search_match_uppercase PASSED [ 90%]
tests/backend/unit/test_analysis_us_stock.py::test_search_match_lowercase PASSED [ 92%]
tests/backend/unit/test_analysis_us_stock.py::test_search_nan_handling PASSED [ 94%]
tests/backend/unit/test_analysis_us_stock.py::test_search_no_match PASSED [ 96%]
tests/backend/unit/test_analysis_us_stock.py::test_search_akshare_exception PASSED [ 98%]
tests/backend/unit/test_analysis_us_stock.py::test_search_empty_keyword PASSED [100%]

=============================== warnings summary ===============================
tests/backend/unit/test_analysis_industry.py::test_instantiate
  /opt/anaconda3/lib/python3.12/site-packages/openbb_core/provider/utils/client.py:65: DeprecationWarning: Inheritance class ClientSession from ClientSession is discouraged
    class ClientSession(aiohttp.ClientSession):

tests/backend/unit/test_analysis_industry.py::test_instantiate
  /opt/anaconda3/lib/python3.12/site-packages/openbb_core/app/model/system_settings.py:77: PydanticDeprecatedSince212: Using `@model_validator` with mode='after' on a classmethod is deprecated. Instead, use an instance method. See the documentation at https://docs.pydantic.dev/2.12/concepts/validators/#model-after-validator. Deprecated in Pydantic V2.12 to be removed in V3.0.
    @model_validator(mode="after")  # type: ignore

tests/backend/unit/test_analysis_industry.py::test_instantiate
  /opt/anaconda3/lib/python3.12/site-packages/openbb_intrinio/models/equity_historical.py:83: PydanticDeprecatedSince212: Using `@model_validator` with mode='after' on a classmethod is deprecated. Instead, use an instance method. See the documentation at https://docs.pydantic.dev/2.12/concepts/validators/#model-after-validator. Deprecated in Pydantic V2.12 to be removed in V3.0.
    @model_validator(mode="after")

tests/backend/unit/test_analysis_industry.py::test_instantiate
  /opt/anaconda3/lib/python3.12/site-packages/openbb_intrinio/models/forward_eps_estimates.py:52: PydanticDeprecatedSince212: Using `@model_validator` with mode='after' on a classmethod is deprecated. Instead, use an instance method. See the documentation at https://docs.pydantic.dev/2.12/concepts/validators/#model-after-validator. Deprecated in Pydantic V2.12 to be removed in V3.0.
    @model_validator(mode="after")

tests/backend/unit/test_analysis_industry.py::test_instantiate
  /opt/anaconda3/lib/python3.12/site-packages/openbb_intrinio/models/forward_sales_estimates.py:52: PydanticDeprecatedSince212: Using `@model_validator` with mode='after' on a classmethod is deprecated. Instead, use an instance method. See the documentation at https://docs.pydantic.dev/2.12/concepts/validators/#model-after-validator. Deprecated in Pydantic V2.12 to be removed in V3.0.
    @model_validator(mode="after")

tests/backend/unit/test_analysis_industry.py::test_instantiate
  /opt/anaconda3/lib/python3.12/site-packages/openbb_intrinio/models/options_chains.py:118: PydanticDeprecatedSince212: Using `@model_validator` with mode='after' on a classmethod is deprecated. Instead, use an instance method. See the documentation at https://docs.pydantic.dev/2.12/concepts/validators/#model-after-validator. Deprecated in Pydantic V2.12 to be removed in V3.0.
    @model_validator(mode="after")

tests/backend/unit/test_analysis_industry.py::test_instantiate
  /opt/anaconda3/lib/python3.12/site-packages/openbb_polygon/models/crypto_historical.py:51: PydanticDeprecatedSince212: Using `@model_validator` with mode='after' on a classmethod is deprecated. Instead, use an instance method. See the documentation at https://docs.pydantic.dev/2.12/concepts/validators/#model-after-validator. Deprecated in Pydantic V2.12 to be removed in V3.0.
    @model_validator(mode="after")

tests/backend/unit/test_analysis_industry.py::test_instantiate
  /opt/anaconda3/lib/python3.12/site-packages/openbb_polygon/models/currency_historical.py:50: PydanticDeprecatedSince212: Using `@model_validator` with mode='after' on a classmethod is deprecated. Instead, use an instance method. See the documentation at https://docs.pydantic.dev/2.12/concepts/validators/#model-after-validator. Deprecated in Pydantic V2.12 to be removed in V3.0.
    @model_validator(mode="after")

tests/backend/unit/test_analysis_industry.py::test_instantiate
  /opt/anaconda3/lib/python3.12/site-packages/openbb_polygon/models/equity_historical.py:59: PydanticDeprecatedSince212: Using `@model_validator` with mode='after' on a classmethod is deprecated. Instead, use an instance method. See the documentation at https://docs.pydantic.dev/2.12/concepts/validators/#model-after-validator. Deprecated in Pydantic V2.12 to be removed in V3.0.
    @model_validator(mode="after")

tests/backend/unit/test_analysis_industry.py::test_instantiate
  /opt/anaconda3/lib/python3.12/site-packages/openbb_polygon/models/index_historical.py:49: PydanticDeprecatedSince212: Using `@model_validator` with mode='after' on a classmethod is deprecated. Instead, use an instance method. See the documentation at https://docs.pydantic.dev/2.12/concepts/validators/#model-after-validator. Deprecated in Pydantic V2.12 to be removed in V3.0.
    @model_validator(mode="after")

tests/backend/unit/test_analysis_industry.py::test_instantiate
  /opt/anaconda3/lib/python3.12/site-packages/openbb_core/app/model/credentials.py:197: PydanticDeprecatedSince211: Accessing the 'model_fields' attribute on the instance is deprecated. Instead, you should access this attribute from the model class. Deprecated in Pydantic V2.11 to be removed in V3.0.
    if key not in self.model_fields:

-- Docs: https://docs.pytest.org/en/stable/how-to/capture-warnings.html
======================= 54 passed, 11 warnings in 4.83s ========================

-- Docs: https://docs.pytest.org/en/stable/how-to/capture-warnings.html

---------- coverage: platform darwin, python 3.12.2-final-0 ----------
Name                                      Stmts   Miss Branch BrPart  Cover   Missing
-------------------------------------------------------------------------------------
app/analysis/index_industry_analyzer.py     131     27     38      8    77%   23->27, 43-46, 61-62, 80->84, 93->97, 119-121, 128-131, 140, 154-155, 169, 207-209, 221, 235-239, 258-260
app/analysis/industry_analyzer.py           287     78    120     28    69%   42->47, 80-99, 117, 126, 135, 150->164, 157-159, 165, 169-171, 177-181, 193->198, 204->209, 208, 213-236, 248-252, 263->267, 320->316, 369-373, 384, 389-390, 400, 403-406, 413, 418, 419->423, 443-445, 469->474, 475-476, 482-488, 491->465, 498-499, 506-507, 511-512, 520-521, 533-535
app/analysis/news_fetcher.py                220     51     70     16    75%   33-37, 70-73, 81-85, 96, 103, 117, 120, 131-132, 188, 197, 203, 230-231, 238-247, 286-287, 303-304, 310, 326, 329-331, 334-336, 359-366
app/analysis/risk_monitor.py                193     51     96     24    69%   42, 44, 48, 74->81, 110, 112, 114, 143-148, 154-155, 180-181, 187-188, 190-191, 197-199, 203, 209, 229-240, 247-248, 250-251, 253-254, 280, 294, 298, 300, 303-306, 340-342
app/analysis/us_stock_service.py             20      0      2      0   100%
-------------------------------------------------------------------------------------
TOTAL                                       851    207    326     76    72%

======================= 54 passed, 11 warnings in 9.94s ========================
