============================= test session starts ==============================
platform darwin -- Python 3.12.2, pytest-7.3.1, pluggy-1.6.0 -- /opt/anaconda3/bin/python
cachedir: .pytest_cache
rootdir: /Users/panda/Downloads/StockAnal_Sys
configfile: pytest.ini
plugins: freezegun-0.4.2, langsmith-0.4.37, cov-4.1.0, asyncio-0.21.1, anyio-4.13.0
asyncio: mode=Mode.STRICT
collecting ... collected 23 items

tests/backend/api/test_stock_data_routes.py::TestStockDataRoute::test_missing_stock_code_returns_400 PASSED [  4%]
tests/backend/api/test_stock_data_routes.py::TestStockDataRoute::test_invalid_stock_code_returns_400 PASSED [  8%]
tests/backend/api/test_stock_data_routes.py::TestStockDataRoute::test_happy_path_returns_records PASSED [ 13%]
tests/backend/api/test_stock_data_routes.py::TestStockDataRoute::test_empty_dataframe_returns_404 PASSED [ 17%]
tests/backend/api/test_stock_data_routes.py::TestStockNameRoute::test_missing_stock_code_returns_400 PASSED [ 21%]
tests/backend/api/test_stock_data_routes.py::TestStockNameRoute::test_happy_path_uses_cache PASSED [ 26%]
tests/backend/api/test_stock_data_routes.py::TestStockNameRoute::test_unknown_code_returns_code_as_name PASSED [ 30%]
tests/backend/api/test_stock_data_routes.py::TestStockProfileRoute::test_missing_stock_code_returns_400 PASSED [ 34%]
tests/backend/api/test_stock_data_routes.py::TestStockProfileRoute::test_happy_path_with_mocked_baostock PASSED [ 39%]
tests/backend/api/test_stock_data_routes.py::TestStockNameSearchRoute::test_missing_query_returns_400 PASSED [ 43%]
tests/backend/api/test_stock_data_routes.py::TestStockNameSearchRoute::test_match_ranks_exact_first PASSED [ 47%]
tests/backend/api/test_stock_data_routes.py::TestMarketIndicesRoute::test_happy_path_returns_indices PASSED [ 52%]
tests/backend/api/test_stock_data_routes.py::TestMarketIndicesRoute::test_empty_when_fetch_fails PASSED [ 56%]
tests/backend/api/test_stock_data_routes.py::TestLatestNewsRoute::test_happy_path PASSED [ 60%]
tests/backend/api/test_stock_data_routes.py::TestLatestNewsRoute::test_important_filter PASSED [ 65%]
tests/backend/api/test_stock_data_routes.py::TestLatestNewsRoute::test_invalid_days_does_not_500 PASSED [ 69%]
tests/backend/api/test_stock_data_routes.py::TestNewsSentimentRoute::test_happy_path_classifies_bullish_bearish PASSED [ 73%]
tests/backend/api/test_stock_data_routes.py::TestNewsSentimentRoute::test_empty_news_returns_neutral_default PASSED [ 78%]
tests/backend/api/test_stock_data_routes.py::TestNorthFlowHistoryRoute::test_missing_stock_code_returns_400 PASSED [ 82%]
tests/backend/api/test_stock_data_routes.py::TestNorthFlowHistoryRoute::test_happy_path PASSED [ 86%]
tests/backend/api/test_stock_data_routes.py::TestSearchUsStocksRoute::test_missing_keyword_returns_400 PASSED [ 91%]
tests/backend/api/test_stock_data_routes.py::TestSearchUsStocksRoute::test_happy_path PASSED [ 95%]
tests/backend/api/test_stock_data_routes.py::TestSearchUsStocksRoute::test_upstream_exception_returns_500_no_stacktrace PASSED [100%]

=============================== warnings summary ===============================
tests/backend/api/test_stock_data_routes.py::TestStockDataRoute::test_missing_stock_code_returns_400
  /opt/anaconda3/lib/python3.12/site-packages/openbb_core/provider/utils/client.py:65: DeprecationWarning: Inheritance class ClientSession from ClientSession is discouraged
    class ClientSession(aiohttp.ClientSession):

tests/backend/api/test_stock_data_routes.py::TestStockDataRoute::test_missing_stock_code_returns_400
  /opt/anaconda3/lib/python3.12/site-packages/openbb_core/app/model/system_settings.py:77: PydanticDeprecatedSince212: Using `@model_validator` with mode='after' on a classmethod is deprecated. Instead, use an instance method. See the documentation at https://docs.pydantic.dev/2.12/concepts/validators/#model-after-validator. Deprecated in Pydantic V2.12 to be removed in V3.0.
    @model_validator(mode="after")  # type: ignore

tests/backend/api/test_stock_data_routes.py::TestStockDataRoute::test_missing_stock_code_returns_400
  /opt/anaconda3/lib/python3.12/site-packages/openbb_intrinio/models/equity_historical.py:83: PydanticDeprecatedSince212: Using `@model_validator` with mode='after' on a classmethod is deprecated. Instead, use an instance method. See the documentation at https://docs.pydantic.dev/2.12/concepts/validators/#model-after-validator. Deprecated in Pydantic V2.12 to be removed in V3.0.
    @model_validator(mode="after")

tests/backend/api/test_stock_data_routes.py::TestStockDataRoute::test_missing_stock_code_returns_400
  /opt/anaconda3/lib/python3.12/site-packages/openbb_intrinio/models/forward_eps_estimates.py:52: PydanticDeprecatedSince212: Using `@model_validator` with mode='after' on a classmethod is deprecated. Instead, use an instance method. See the documentation at https://docs.pydantic.dev/2.12/concepts/validators/#model-after-validator. Deprecated in Pydantic V2.12 to be removed in V3.0.
    @model_validator(mode="after")

tests/backend/api/test_stock_data_routes.py::TestStockDataRoute::test_missing_stock_code_returns_400
  /opt/anaconda3/lib/python3.12/site-packages/openbb_intrinio/models/forward_sales_estimates.py:52: PydanticDeprecatedSince212: Using `@model_validator` with mode='after' on a classmethod is deprecated. Instead, use an instance method. See the documentation at https://docs.pydantic.dev/2.12/concepts/validators/#model-after-validator. Deprecated in Pydantic V2.12 to be removed in V3.0.
    @model_validator(mode="after")

tests/backend/api/test_stock_data_routes.py::TestStockDataRoute::test_missing_stock_code_returns_400
  /opt/anaconda3/lib/python3.12/site-packages/openbb_intrinio/models/options_chains.py:118: PydanticDeprecatedSince212: Using `@model_validator` with mode='after' on a classmethod is deprecated. Instead, use an instance method. See the documentation at https://docs.pydantic.dev/2.12/concepts/validators/#model-after-validator. Deprecated in Pydantic V2.12 to be removed in V3.0.
    @model_validator(mode="after")

tests/backend/api/test_stock_data_routes.py::TestStockDataRoute::test_missing_stock_code_returns_400
  /opt/anaconda3/lib/python3.12/site-packages/openbb_polygon/models/crypto_historical.py:51: PydanticDeprecatedSince212: Using `@model_validator` with mode='after' on a classmethod is deprecated. Instead, use an instance method. See the documentation at https://docs.pydantic.dev/2.12/concepts/validators/#model-after-validator. Deprecated in Pydantic V2.12 to be removed in V3.0.
    @model_validator(mode="after")

tests/backend/api/test_stock_data_routes.py::TestStockDataRoute::test_missing_stock_code_returns_400
  /opt/anaconda3/lib/python3.12/site-packages/openbb_polygon/models/currency_historical.py:50: PydanticDeprecatedSince212: Using `@model_validator` with mode='after' on a classmethod is deprecated. Instead, use an instance method. See the documentation at https://docs.pydantic.dev/2.12/concepts/validators/#model-after-validator. Deprecated in Pydantic V2.12 to be removed in V3.0.
    @model_validator(mode="after")

tests/backend/api/test_stock_data_routes.py::TestStockDataRoute::test_missing_stock_code_returns_400
  /opt/anaconda3/lib/python3.12/site-packages/openbb_polygon/models/equity_historical.py:59: PydanticDeprecatedSince212: Using `@model_validator` with mode='after' on a classmethod is deprecated. Instead, use an instance method. See the documentation at https://docs.pydantic.dev/2.12/concepts/validators/#model-after-validator. Deprecated in Pydantic V2.12 to be removed in V3.0.
    @model_validator(mode="after")

tests/backend/api/test_stock_data_routes.py::TestStockDataRoute::test_missing_stock_code_returns_400
  /opt/anaconda3/lib/python3.12/site-packages/openbb_polygon/models/index_historical.py:49: PydanticDeprecatedSince212: Using `@model_validator` with mode='after' on a classmethod is deprecated. Instead, use an instance method. See the documentation at https://docs.pydantic.dev/2.12/concepts/validators/#model-after-validator. Deprecated in Pydantic V2.12 to be removed in V3.0.
    @model_validator(mode="after")

tests/backend/api/test_stock_data_routes.py::TestStockDataRoute::test_missing_stock_code_returns_400
  /opt/anaconda3/lib/python3.12/site-packages/openbb_core/app/model/credentials.py:197: PydanticDeprecatedSince211: Accessing the 'model_fields' attribute on the instance is deprecated. Instead, you should access this attribute from the model class. Deprecated in Pydantic V2.11 to be removed in V3.0.
    if key not in self.model_fields:

-- Docs: https://docs.pytest.org/en/stable/how-to/capture-warnings.html
======================= 23 passed, 11 warnings in 5.01s ========================
you don't login.
