============================= test session starts ==============================
platform darwin -- Python 3.12.2, pytest-7.3.1, pluggy-1.6.0 -- /opt/anaconda3/bin/python
cachedir: .pytest_cache
rootdir: /Users/panda/Downloads/StockAnal_Sys
configfile: pytest.ini
plugins: freezegun-0.4.2, langsmith-0.4.37, cov-4.1.0, asyncio-0.21.1, anyio-4.13.0
asyncio: mode=Mode.STRICT
collecting ... collected 16 items

tests/backend/unit/test_core_event_bus.py::test_T001_singleton_identity PASSED [  6%]
tests/backend/unit/test_core_event_bus.py::test_T002_event_constants_present_and_unique PASSED [ 12%]
tests/backend/unit/test_core_event_bus.py::test_T003_subscribe_and_publish_basic PASSED [ 18%]
tests/backend/unit/test_core_event_bus.py::test_T004_multi_subscribers_broadcast PASSED [ 25%]
tests/backend/unit/test_core_event_bus.py::test_T005_subscriber_exception_isolation PASSED [ 31%]
tests/backend/unit/test_core_event_bus.py::test_T006_unsubscribe_removes_callback PASSED [ 37%]
tests/backend/unit/test_core_event_bus.py::test_T007_publish_no_subscriber_silent PASSED [ 43%]
tests/backend/unit/test_core_event_bus.py::test_T008_sse_bridge_basic PASSED [ 50%]
tests/backend/unit/test_core_event_bus.py::test_T009_sse_bridge_destroy_stops_delivery PASSED [ 56%]
tests/backend/unit/test_core_event_bus.py::test_T010_sse_bridge_30min_ttl_autocleanup PASSED [ 62%]
tests/backend/unit/test_core_event_bus.py::test_T011_sse_bridge_maxsize_10000_backpressure PASSED [ 68%]
tests/backend/unit/test_core_event_bus.py::test_T012_slow_consumer_within_maxsize_H5 XFAIL [ 75%]
tests/backend/unit/test_core_event_bus.py::test_T013_concurrent_publish_thread_safety PASSED [ 81%]
tests/backend/unit/test_core_event_bus.py::test_T014_exception_followed_by_normal_subscribers PASSED [ 87%]
tests/backend/unit/test_core_event_bus.py::test_T015_topic_isolation PASSED [ 93%]
tests/backend/unit/test_core_event_bus.py::test_T016_sse_bridge_filter_none_receives_all PASSED [100%]

=========================== short test summary info ============================
XFAIL tests/backend/unit/test_core_event_bus.py::test_T012_slow_consumer_within_maxsize_H5 - reason: [H5] 慢消费者无丢弃策略：仅 maxsize 兜底，5000 条全部入队
======================== 15 passed, 1 xfailed in 0.52s =========================
collected 16 items

tests/backend/unit/test_core_event_bus.py ...........x....               [100%]

---------- coverage: platform darwin, python 3.12.2-final-0 ----------
Name                    Stmts   Miss Branch BrPart  Cover   Missing
-------------------------------------------------------------------
app/core/event_bus.py      82      0     18      1    99%   87->exit
-------------------------------------------------------------------
TOTAL                      82      0     18      1    99%


=========================== short test summary info ============================
XFAIL tests/backend/unit/test_core_event_bus.py::test_T012_slow_consumer_within_maxsize_H5 - reason: [H5] 慢消费者无丢弃策略：仅 maxsize 兜底，5000 条全部入队
======================== 15 passed, 1 xfailed in 0.56s =========================
