============================= test session starts ==============================
platform darwin -- Python 3.12.2, pytest-7.3.1, pluggy-1.6.0 -- /opt/anaconda3/bin/python
cachedir: .pytest_cache
rootdir: /Users/panda/Downloads/StockAnal_Sys
configfile: pytest.ini
plugins: freezegun-0.4.2, langsmith-0.4.37, cov-4.1.0, asyncio-0.21.1, anyio-4.13.0
asyncio: mode=Mode.STRICT
collecting ... collected 26 items

tests/backend/api/test_remaining_routes.py::TestMarketScan::test_start_market_scan_happy PASSED [  3%]
tests/backend/api/test_remaining_routes.py::TestMarketScan::test_start_market_scan_empty_list PASSED [  7%]
tests/backend/api/test_remaining_routes.py::TestMarketScan::test_scan_status_not_found PASSED [ 11%]
tests/backend/api/test_remaining_routes.py::TestMarketScan::test_scan_status_happy PASSED [ 15%]
tests/backend/api/test_remaining_routes.py::TestMarketScan::test_cancel_scan_not_found PASSED [ 19%]
tests/backend/api/test_remaining_routes.py::TestMarketScan::test_cancel_scan_happy PASSED [ 23%]
tests/backend/api/test_remaining_routes.py::TestStockComposition::test_index_stocks_happy PASSED [ 26%]
tests/backend/api/test_remaining_routes.py::TestStockComposition::test_index_stocks_error PASSED [ 30%]
tests/backend/api/test_remaining_routes.py::TestStockComposition::test_industry_stocks_happy PASSED [ 34%]
tests/backend/api/test_remaining_routes.py::TestStockComposition::test_industry_stocks_error PASSED [ 38%]
tests/backend/api/test_remaining_routes.py::TestStockComposition::test_board_stocks_happy PASSED [ 42%]
tests/backend/api/test_remaining_routes.py::TestStockComposition::test_board_stocks_invalid_board PASSED [ 46%]
tests/backend/api/test_remaining_routes.py::TestFundFlow::test_concept_fund_flow_happy PASSED [ 50%]
tests/backend/api/test_remaining_routes.py::TestFundFlow::test_concept_fund_flow_error PASSED [ 53%]
tests/backend/api/test_remaining_routes.py::TestFundFlow::test_individual_fund_flow_rank_happy PASSED [ 57%]
tests/backend/api/test_remaining_routes.py::TestFundFlow::test_individual_fund_flow_rank_error PASSED [ 61%]
tests/backend/api/test_remaining_routes.py::TestHistoryAnalysis::test_history_analysis_no_stock_code PASSED [ 65%]
tests/backend/api/test_remaining_routes.py::TestHistoryAnalysis::test_history_analysis_response PASSED [ 69%]
tests/backend/api/test_remaining_routes.py::TestDeleteAgentAnalysis::test_delete_agent_analysis_happy PASSED [ 73%]
tests/backend/api/test_remaining_routes.py::TestDeleteAgentAnalysis::test_delete_agent_analysis_invalid_payload PASSED [ 76%]
tests/backend/api/test_remaining_routes.py::TestDeleteAgentAnalysis::test_delete_agent_analysis_empty PASSED [ 80%]
tests/backend/api/test_remaining_routes.py::TestAgentJsonLegacy::test_agent_json_happy PASSED [ 84%]
tests/backend/api/test_remaining_routes.py::TestAgentJsonLegacy::test_agent_json_method_not_allowed PASSED [ 88%]
tests/backend/api/test_remaining_routes.py::TestUploadImage::test_upload_image_no_file PASSED [ 92%]
tests/backend/api/test_remaining_routes.py::TestUploadImage::test_upload_image_invalid_type PASSED [ 96%]
tests/backend/api/test_remaining_routes.py::TestUploadImage::test_upload_image_happy PASSED [100%]

=============================== warnings summary ===============================
tests/backend/api/test_remaining_routes.py::TestMarketScan::test_start_market_scan_happy
  /opt/anaconda3/lib/python3.12/site-packages/openbb_core/provider/utils/client.py:65: DeprecationWarning: Inheritance class ClientSession from ClientSession is discouraged
    class ClientSession(aiohttp.ClientSession):

tests/backend/api/test_remaining_routes.py::TestMarketScan::test_start_market_scan_happy
  /opt/anaconda3/lib/python3.12/site-packages/openbb_core/app/model/system_settings.py:77: PydanticDeprecatedSince212: Using `@model_validator` with mode='after' on a classmethod is deprecated. Instead, use an instance method. See the documentation at https://docs.pydantic.dev/2.12/concepts/validators/#model-after-validator. Deprecated in Pydantic V2.12 to be removed in V3.0.
    @model_validator(mode="after")  # type: ignore

tests/backend/api/test_remaining_routes.py::TestMarketScan::test_start_market_scan_happy
  /opt/anaconda3/lib/python3.12/site-packages/openbb_intrinio/models/equity_historical.py:83: PydanticDeprecatedSince212: Using `@model_validator` with mode='after' on a classmethod is deprecated. Instead, use an instance method. See the documentation at https://docs.pydantic.dev/2.12/concepts/validators/#model-after-validator. Deprecated in Pydantic V2.12 to be removed in V3.0.
    @model_validator(mode="after")

tests/backend/api/test_remaining_routes.py::TestMarketScan::test_start_market_scan_happy
  /opt/anaconda3/lib/python3.12/site-packages/openbb_intrinio/models/forward_eps_estimates.py:52: PydanticDeprecatedSince212: Using `@model_validator` with mode='after' on a classmethod is deprecated. Instead, use an instance method. See the documentation at https://docs.pydantic.dev/2.12/concepts/validators/#model-after-validator. Deprecated in Pydantic V2.12 to be removed in V3.0.
    @model_validator(mode="after")

tests/backend/api/test_remaining_routes.py::TestMarketScan::test_start_market_scan_happy
  /opt/anaconda3/lib/python3.12/site-packages/openbb_intrinio/models/forward_sales_estimates.py:52: PydanticDeprecatedSince212: Using `@model_validator` with mode='after' on a classmethod is deprecated. Instead, use an instance method. See the documentation at https://docs.pydantic.dev/2.12/concepts/validators/#model-after-validator. Deprecated in Pydantic V2.12 to be removed in V3.0.
    @model_validator(mode="after")

tests/backend/api/test_remaining_routes.py::TestMarketScan::test_start_market_scan_happy
  /opt/anaconda3/lib/python3.12/site-packages/openbb_intrinio/models/options_chains.py:118: PydanticDeprecatedSince212: Using `@model_validator` with mode='after' on a classmethod is deprecated. Instead, use an instance method. See the documentation at https://docs.pydantic.dev/2.12/concepts/validators/#model-after-validator. Deprecated in Pydantic V2.12 to be removed in V3.0.
    @model_validator(mode="after")

tests/backend/api/test_remaining_routes.py::TestMarketScan::test_start_market_scan_happy
  /opt/anaconda3/lib/python3.12/site-packages/openbb_polygon/models/crypto_historical.py:51: PydanticDeprecatedSince212: Using `@model_validator` with mode='after' on a classmethod is deprecated. Instead, use an instance method. See the documentation at https://docs.pydantic.dev/2.12/concepts/validators/#model-after-validator. Deprecated in Pydantic V2.12 to be removed in V3.0.
    @model_validator(mode="after")

tests/backend/api/test_remaining_routes.py::TestMarketScan::test_start_market_scan_happy
  /opt/anaconda3/lib/python3.12/site-packages/openbb_polygon/models/currency_historical.py:50: PydanticDeprecatedSince212: Using `@model_validator` with mode='after' on a classmethod is deprecated. Instead, use an instance method. See the documentation at https://docs.pydantic.dev/2.12/concepts/validators/#model-after-validator. Deprecated in Pydantic V2.12 to be removed in V3.0.
    @model_validator(mode="after")

tests/backend/api/test_remaining_routes.py::TestMarketScan::test_start_market_scan_happy
  /opt/anaconda3/lib/python3.12/site-packages/openbb_polygon/models/equity_historical.py:59: PydanticDeprecatedSince212: Using `@model_validator` with mode='after' on a classmethod is deprecated. Instead, use an instance method. See the documentation at https://docs.pydantic.dev/2.12/concepts/validators/#model-after-validator. Deprecated in Pydantic V2.12 to be removed in V3.0.
    @model_validator(mode="after")

tests/backend/api/test_remaining_routes.py::TestMarketScan::test_start_market_scan_happy
  /opt/anaconda3/lib/python3.12/site-packages/openbb_polygon/models/index_historical.py:49: PydanticDeprecatedSince212: Using `@model_validator` with mode='after' on a classmethod is deprecated. Instead, use an instance method. See the documentation at https://docs.pydantic.dev/2.12/concepts/validators/#model-after-validator. Deprecated in Pydantic V2.12 to be removed in V3.0.
    @model_validator(mode="after")

tests/backend/api/test_remaining_routes.py::TestMarketScan::test_start_market_scan_happy
  /opt/anaconda3/lib/python3.12/site-packages/openbb_core/app/model/credentials.py:197: PydanticDeprecatedSince211: Accessing the 'model_fields' attribute on the instance is deprecated. Instead, you should access this attribute from the model class. Deprecated in Pydantic V2.11 to be removed in V3.0.
    if key not in self.model_fields:

-- Docs: https://docs.pytest.org/en/stable/how-to/capture-warnings.html
======================= 26 passed, 11 warnings in 7.69s ========================
you don't login.
