============================= test session starts ==============================
collecting ... collected 18 items

tests/backend/api/test_conversation_mcp_routes.py::TestListConversations::test_list_empty_ok PASSED [  5%]
tests/backend/api/test_conversation_mcp_routes.py::TestListConversations::test_list_with_seeded_conversation PASSED [ 11%]
tests/backend/api/test_conversation_mcp_routes.py::TestListConversations::test_list_wrong_method_post_405 PASSED [ 16%]
tests/backend/api/test_conversation_mcp_routes.py::TestGetConversation::test_get_existing_conversation PASSED [ 22%]
tests/backend/api/test_conversation_mcp_routes.py::TestGetConversation::test_get_nonexistent_404 PASSED [ 27%]
tests/backend/api/test_conversation_mcp_routes.py::TestDeleteConversation::test_delete_existing_ok PASSED [ 33%]
tests/backend/api/test_conversation_mcp_routes.py::TestDeleteConversation::test_delete_nonexistent_404 PASSED [ 38%]
tests/backend/api/test_conversation_mcp_routes.py::TestMcpListTools::test_list_tools_ok PASSED [ 44%]
tests/backend/api/test_conversation_mcp_routes.py::TestMcpListTools::test_list_tools_wrong_method PASSED [ 50%]
tests/backend/api/test_conversation_mcp_routes.py::TestMcpCall::test_call_unknown_tool_returns_error_field PASSED [ 55%]
tests/backend/api/test_conversation_mcp_routes.py::TestMcpCall::test_call_legal_tool_mocked PASSED [ 61%]
tests/backend/api/test_conversation_mcp_routes.py::TestMcpCall::test_call_missing_tool_field_400 PASSED [ 66%]
tests/backend/api/test_conversation_mcp_routes.py::TestMcpCall::test_call_non_json_body_400 PASSED [ 72%]
tests/backend/api/test_conversation_mcp_routes.py::TestA2AJsonRpc::test_a2a_returns_jsonrpc_method_not_implemented PASSED [ 77%]
tests/backend/api/test_conversation_mcp_routes.py::TestA2AJsonRpc::test_a2a_no_body_still_jsonrpc_envelope PASSED [ 83%]
tests/backend/api/test_conversation_mcp_routes.py::TestA2AJsonRpc::test_a2a_wrong_method_get PASSED [ 88%]
tests/backend/api/test_conversation_mcp_routes.py::TestA2AAgentCard::test_agent_card_schema PASSED [ 94%]
tests/backend/api/test_conversation_mcp_routes.py::TestA2AAgentCard::test_agent_card_wrong_method PASSED [100%]

=============================== warnings summary ===============================
tests/backend/api/test_conversation_mcp_routes.py::TestListConversations::test_list_empty_ok
  /opt/anaconda3/lib/python3.12/site-packages/openbb_core/provider/utils/client.py:65: DeprecationWarning: Inheritance class ClientSession from ClientSession is discouraged
    class ClientSession(aiohttp.ClientSession):

tests/backend/api/test_conversation_mcp_routes.py::TestListConversations::test_list_empty_ok
  /opt/anaconda3/lib/python3.12/site-packages/openbb_core/app/model/system_settings.py:77: PydanticDeprecatedSince212: Using `@model_validator` with mode='after' on a classmethod is deprecated. Instead, use an instance method. See the documentation at https://docs.pydantic.dev/2.12/concepts/validators/#model-after-validator. Deprecated in Pydantic V2.12 to be removed in V3.0.
    @model_validator(mode="after")  # type: ignore

tests/backend/api/test_conversation_mcp_routes.py::TestListConversations::test_list_empty_ok
  /opt/anaconda3/lib/python3.12/site-packages/openbb_intrinio/models/equity_historical.py:83: PydanticDeprecatedSince212: Using `@model_validator` with mode='after' on a classmethod is deprecated. Instead, use an instance method. See the documentation at https://docs.pydantic.dev/2.12/concepts/validators/#model-after-validator. Deprecated in Pydantic V2.12 to be removed in V3.0.
    @model_validator(mode="after")

tests/backend/api/test_conversation_mcp_routes.py::TestListConversations::test_list_empty_ok
  /opt/anaconda3/lib/python3.12/site-packages/openbb_intrinio/models/forward_eps_estimates.py:52: PydanticDeprecatedSince212: Using `@model_validator` with mode='after' on a classmethod is deprecated. Instead, use an instance method. See the documentation at https://docs.pydantic.dev/2.12/concepts/validators/#model-after-validator. Deprecated in Pydantic V2.12 to be removed in V3.0.
    @model_validator(mode="after")

tests/backend/api/test_conversation_mcp_routes.py::TestListConversations::test_list_empty_ok
  /opt/anaconda3/lib/python3.12/site-packages/openbb_intrinio/models/forward_sales_estimates.py:52: PydanticDeprecatedSince212: Using `@model_validator` with mode='after' on a classmethod is deprecated. Instead, use an instance method. See the documentation at https://docs.pydantic.dev/2.12/concepts/validators/#model-after-validator. Deprecated in Pydantic V2.12 to be removed in V3.0.
    @model_validator(mode="after")

tests/backend/api/test_conversation_mcp_routes.py::TestListConversations::test_list_empty_ok
  /opt/anaconda3/lib/python3.12/site-packages/openbb_intrinio/models/options_chains.py:118: PydanticDeprecatedSince212: Using `@model_validator` with mode='after' on a classmethod is deprecated. Instead, use an instance method. See the documentation at https://docs.pydantic.dev/2.12/concepts/validators/#model-after-validator. Deprecated in Pydantic V2.12 to be removed in V3.0.
    @model_validator(mode="after")

tests/backend/api/test_conversation_mcp_routes.py::TestListConversations::test_list_empty_ok
  /opt/anaconda3/lib/python3.12/site-packages/openbb_polygon/models/crypto_historical.py:51: PydanticDeprecatedSince212: Using `@model_validator` with mode='after' on a classmethod is deprecated. Instead, use an instance method. See the documentation at https://docs.pydantic.dev/2.12/concepts/validators/#model-after-validator. Deprecated in Pydantic V2.12 to be removed in V3.0.
    @model_validator(mode="after")

tests/backend/api/test_conversation_mcp_routes.py::TestListConversations::test_list_empty_ok
  /opt/anaconda3/lib/python3.12/site-packages/openbb_polygon/models/currency_historical.py:50: PydanticDeprecatedSince212: Using `@model_validator` with mode='after' on a classmethod is deprecated. Instead, use an instance method. See the documentation at https://docs.pydantic.dev/2.12/concepts/validators/#model-after-validator. Deprecated in Pydantic V2.12 to be removed in V3.0.
    @model_validator(mode="after")

tests/backend/api/test_conversation_mcp_routes.py::TestListConversations::test_list_empty_ok
  /opt/anaconda3/lib/python3.12/site-packages/openbb_polygon/models/equity_historical.py:59: PydanticDeprecatedSince212: Using `@model_validator` with mode='after' on a classmethod is deprecated. Instead, use an instance method. See the documentation at https://docs.pydantic.dev/2.12/concepts/validators/#model-after-validator. Deprecated in Pydantic V2.12 to be removed in V3.0.
    @model_validator(mode="after")

tests/backend/api/test_conversation_mcp_routes.py::TestListConversations::test_list_empty_ok
  /opt/anaconda3/lib/python3.12/site-packages/openbb_polygon/models/index_historical.py:49: PydanticDeprecatedSince212: Using `@model_validator` with mode='after' on a classmethod is deprecated. Instead, use an instance method. See the documentation at https://docs.pydantic.dev/2.12/concepts/validators/#model-after-validator. Deprecated in Pydantic V2.12 to be removed in V3.0.
    @model_validator(mode="after")

tests/backend/api/test_conversation_mcp_routes.py::TestListConversations::test_list_empty_ok
  /opt/anaconda3/lib/python3.12/site-packages/openbb_core/app/model/credentials.py:197: PydanticDeprecatedSince211: Accessing the 'model_fields' attribute on the instance is deprecated. Instead, you should access this attribute from the model class. Deprecated in Pydantic V2.11 to be removed in V3.0.
    if key not in self.model_fields:

-- Docs: https://docs.pytest.org/en/stable/how-to/capture-warnings.html
======================= 18 passed, 11 warnings in 5.28s ========================
you don't login.
