============================= test session starts ==============================
platform darwin -- Python 3.12.2, pytest-7.3.1, pluggy-1.6.0 -- /opt/anaconda3/bin/python
cachedir: .pytest_cache
rootdir: /Users/panda/Downloads/StockAnal_Sys
configfile: pytest.ini
plugins: freezegun-0.4.2, langsmith-0.4.37, cov-4.1.0, asyncio-0.21.1, anyio-4.13.0
asyncio: mode=Mode.STRICT
collecting ... collected 55 items

tests/backend/unit/test_analysis_capital_flow.py::test_individual_fund_flow_happy_path PASSED [  1%]
tests/backend/unit/test_analysis_capital_flow.py::test_individual_fund_flow_akshare_exception_fallback PASSED [  3%]
tests/backend/unit/test_analysis_capital_flow.py::test_individual_fund_flow_us_market_short_circuit PASSED [  5%]
tests/backend/unit/test_analysis_capital_flow.py::test_individual_fund_flow_empty_df_fallback PASSED [  7%]
tests/backend/unit/test_analysis_capital_flow.py::test_calculate_capital_flow_score_full_inflow PASSED [  9%]
tests/backend/unit/test_analysis_capital_flow.py::test_calculate_capital_flow_score_no_data_returns_zero PASSED [ 10%]
tests/backend/unit/test_analysis_capital_flow.py::test_parse_percent_handles_various_formats PASSED [ 12%]
tests/backend/unit/test_analysis_capital_flow.py::test_get_sector_stocks_dataprovider_exception_returns_empty PASSED [ 14%]
tests/backend/unit/test_analysis_capital_flow.py::test_get_concept_fund_flow_happy_path PASSED [ 16%]
tests/backend/unit/test_analysis_capital_flow.py::test_get_concept_fund_flow_exception_returns_mock PASSED [ 18%]
tests/backend/unit/test_analysis_capital_flow.py::test_get_individual_fund_flow_rank_exception_returns_mock PASSED [ 20%]
tests/backend/unit/test_analysis_capital_flow.py::test_individual_fund_flow_sh_code_routing PASSED [ 21%]
tests/backend/unit/test_analysis_capital_flow.py::test_individual_fund_flow_sz_code_routing PASSED [ 23%]
tests/backend/unit/test_analysis_etf.py::test_cache_set_get PASSED       [ 25%]
tests/backend/unit/test_analysis_etf.py::test_get_basic_info_happy_path PASSED [ 27%]
tests/backend/unit/test_analysis_etf.py::test_get_basic_info_akshare_exception_returns_error PASSED [ 29%]
tests/backend/unit/test_analysis_etf.py::test_analyze_market_performance_happy_path PASSED [ 30%]
tests/backend/unit/test_analysis_etf.py::test_analyze_market_performance_empty_returns_error PASSED [ 32%]
tests/backend/unit/test_analysis_etf.py::test_analyze_market_performance_ak_exception_returns_error PASSED [ 34%]
tests/backend/unit/test_analysis_etf.py::test_analyze_holdings_exception_returns_safe PASSED [ 36%]
tests/backend/unit/test_analysis_etf.py::test_analyze_fund_flow_exception_returns_safe PASSED [ 38%]
tests/backend/unit/test_analysis_etf.py::test_analyze_fund_flow_no_hist_returns_error PASSED [ 40%]
tests/backend/unit/test_analysis_etf.py::test_analyze_fund_flow_with_hist PASSED [ 41%]
tests/backend/unit/test_analysis_etf.py::test_analyze_risk_no_hist_returns_error PASSED [ 43%]
tests/backend/unit/test_analysis_etf.py::test_analyze_sector_exception_returns_safe PASSED [ 45%]
tests/backend/unit/test_analysis_etf.py::test_get_ai_summary_no_llm_returns_safe PASSED [ 47%]
tests/backend/unit/test_analysis_etf.py::test_run_analysis_integrates_modules PASSED [ 49%]
tests/backend/unit/test_analysis_fundamental.py::test_safe_get_column_returns_value PASSED [ 50%]
tests/backend/unit/test_analysis_fundamental.py::test_safe_get_column_missing_returns_default PASSED [ 52%]
tests/backend/unit/test_analysis_fundamental.py::test_safe_get_column_none_df_returns_default PASSED [ 54%]
tests/backend/unit/test_analysis_fundamental.py::test_get_financial_indicators_happy_path PASSED [ 56%]
tests/backend/unit/test_analysis_fundamental.py::test_get_financial_indicators_provider_exception_returns_empty PASSED [ 58%]
tests/backend/unit/test_analysis_fundamental.py::test_get_growth_data_empty_df_returns_empty PASSED [ 60%]
tests/backend/unit/test_analysis_fundamental.py::test_get_growth_data_ak_exception_returns_empty PASSED [ 61%]
tests/backend/unit/test_analysis_fundamental.py::test_calculate_cagr_positive_growth PASSED [ 63%]
tests/backend/unit/test_analysis_fundamental.py::test_calculate_cagr_insufficient_data_returns_none PASSED [ 65%]
tests/backend/unit/test_analysis_fundamental.py::test_calculate_fundamental_score_integrates PASSED [ 67%]
tests/backend/unit/test_analysis_fundamental.py::test_calculate_fundamental_score_empty_data_returns_zero PASSED [ 69%]
tests/backend/unit/test_analysis_fundamental.py::test_get_growth_data_with_columns PASSED [ 70%]
tests/backend/unit/test_analysis_fundamental.py::test_calculate_fundamental_score_partial_data PASSED [ 72%]
tests/backend/unit/test_analysis_fundamental.py::test_calculate_cagr_zero_earlier_returns_none PASSED [ 74%]
tests/backend/unit/test_analysis_scenario.py::test_generate_scenarios_no_llm PASSED [ 76%]
tests/backend/unit/test_analysis_scenario.py::test_generate_scenarios_analyzer_exception_returns_empty PASSED [ 78%]
tests/backend/unit/test_analysis_scenario.py::test_generate_scenarios_with_llm_success PASSED [ 80%]
tests/backend/unit/test_analysis_scenario.py::test_generate_scenarios_llm_failure_uses_default PASSED [ 81%]
tests/backend/unit/test_analysis_scenario.py::test_calculate_scenarios_price_ordering PASSED [ 83%]
tests/backend/unit/test_analysis_scenario.py::test_get_default_analysis_structure PASSED [ 85%]
tests/backend/unit/test_analysis_qa.py::test_answer_question_no_api_key PASSED [ 87%]
tests/backend/unit/test_analysis_qa.py::test_answer_question_happy_path PASSED [ 89%]
tests/backend/unit/test_analysis_qa.py::test_answer_question_with_tool_call PASSED [ 90%]
tests/backend/unit/test_analysis_qa.py::test_answer_question_llm_failure PASSED [ 92%]
tests/backend/unit/test_analysis_qa.py::test_clear_conversation_branches PASSED [ 94%]
tests/backend/unit/test_analysis_qa.py::test_get_conversation_history_not_found PASSED [ 96%]
tests/backend/unit/test_analysis_qa.py::test_get_conversation_history_returns_rounds PASSED [ 98%]
tests/backend/unit/test_analysis_qa.py::test_search_stock_news_unified_fallback PASSED [100%]

=============================== warnings summary ===============================
tests/backend/unit/test_analysis_capital_flow.py::test_individual_fund_flow_happy_path
  /opt/anaconda3/lib/python3.12/site-packages/openbb_core/provider/utils/client.py:65: DeprecationWarning: Inheritance class ClientSession from ClientSession is discouraged
    class ClientSession(aiohttp.ClientSession):

tests/backend/unit/test_analysis_capital_flow.py::test_individual_fund_flow_happy_path
  /opt/anaconda3/lib/python3.12/site-packages/openbb_core/app/model/system_settings.py:77: PydanticDeprecatedSince212: Using `@model_validator` with mode='after' on a classmethod is deprecated. Instead, use an instance method. See the documentation at https://docs.pydantic.dev/2.12/concepts/validators/#model-after-validator. Deprecated in Pydantic V2.12 to be removed in V3.0.
    @model_validator(mode="after")  # type: ignore

tests/backend/unit/test_analysis_capital_flow.py::test_individual_fund_flow_happy_path
  /opt/anaconda3/lib/python3.12/site-packages/openbb_intrinio/models/equity_historical.py:83: PydanticDeprecatedSince212: Using `@model_validator` with mode='after' on a classmethod is deprecated. Instead, use an instance method. See the documentation at https://docs.pydantic.dev/2.12/concepts/validators/#model-after-validator. Deprecated in Pydantic V2.12 to be removed in V3.0.
    @model_validator(mode="after")

tests/backend/unit/test_analysis_capital_flow.py::test_individual_fund_flow_happy_path
  /opt/anaconda3/lib/python3.12/site-packages/openbb_intrinio/models/forward_eps_estimates.py:52: PydanticDeprecatedSince212: Using `@model_validator` with mode='after' on a classmethod is deprecated. Instead, use an instance method. See the documentation at https://docs.pydantic.dev/2.12/concepts/validators/#model-after-validator. Deprecated in Pydantic V2.12 to be removed in V3.0.
    @model_validator(mode="after")

tests/backend/unit/test_analysis_capital_flow.py::test_individual_fund_flow_happy_path
  /opt/anaconda3/lib/python3.12/site-packages/openbb_intrinio/models/forward_sales_estimates.py:52: PydanticDeprecatedSince212: Using `@model_validator` with mode='after' on a classmethod is deprecated. Instead, use an instance method. See the documentation at https://docs.pydantic.dev/2.12/concepts/validators/#model-after-validator. Deprecated in Pydantic V2.12 to be removed in V3.0.
    @model_validator(mode="after")

tests/backend/unit/test_analysis_capital_flow.py::test_individual_fund_flow_happy_path
  /opt/anaconda3/lib/python3.12/site-packages/openbb_intrinio/models/options_chains.py:118: PydanticDeprecatedSince212: Using `@model_validator` with mode='after' on a classmethod is deprecated. Instead, use an instance method. See the documentation at https://docs.pydantic.dev/2.12/concepts/validators/#model-after-validator. Deprecated in Pydantic V2.12 to be removed in V3.0.
    @model_validator(mode="after")

tests/backend/unit/test_analysis_capital_flow.py::test_individual_fund_flow_happy_path
  /opt/anaconda3/lib/python3.12/site-packages/openbb_polygon/models/crypto_historical.py:51: PydanticDeprecatedSince212: Using `@model_validator` with mode='after' on a classmethod is deprecated. Instead, use an instance method. See the documentation at https://docs.pydantic.dev/2.12/concepts/validators/#model-after-validator. Deprecated in Pydantic V2.12 to be removed in V3.0.
    @model_validator(mode="after")

tests/backend/unit/test_analysis_capital_flow.py::test_individual_fund_flow_happy_path
  /opt/anaconda3/lib/python3.12/site-packages/openbb_polygon/models/currency_historical.py:50: PydanticDeprecatedSince212: Using `@model_validator` with mode='after' on a classmethod is deprecated. Instead, use an instance method. See the documentation at https://docs.pydantic.dev/2.12/concepts/validators/#model-after-validator. Deprecated in Pydantic V2.12 to be removed in V3.0.
    @model_validator(mode="after")

tests/backend/unit/test_analysis_capital_flow.py::test_individual_fund_flow_happy_path
  /opt/anaconda3/lib/python3.12/site-packages/openbb_polygon/models/equity_historical.py:59: PydanticDeprecatedSince212: Using `@model_validator` with mode='after' on a classmethod is deprecated. Instead, use an instance method. See the documentation at https://docs.pydantic.dev/2.12/concepts/validators/#model-after-validator. Deprecated in Pydantic V2.12 to be removed in V3.0.
    @model_validator(mode="after")

tests/backend/unit/test_analysis_capital_flow.py::test_individual_fund_flow_happy_path
  /opt/anaconda3/lib/python3.12/site-packages/openbb_polygon/models/index_historical.py:49: PydanticDeprecatedSince212: Using `@model_validator` with mode='after' on a classmethod is deprecated. Instead, use an instance method. See the documentation at https://docs.pydantic.dev/2.12/concepts/validators/#model-after-validator. Deprecated in Pydantic V2.12 to be removed in V3.0.
    @model_validator(mode="after")

tests/backend/unit/test_analysis_capital_flow.py::test_individual_fund_flow_happy_path
  /opt/anaconda3/lib/python3.12/site-packages/openbb_core/app/model/credentials.py:197: PydanticDeprecatedSince211: Accessing the 'model_fields' attribute on the instance is deprecated. Instead, you should access this attribute from the model class. Deprecated in Pydantic V2.11 to be removed in V3.0.
    if key not in self.model_fields:

-- Docs: https://docs.pytest.org/en/stable/how-to/capture-warnings.html
======================= 55 passed, 11 warnings in 7.03s ========================
    @model_validator(mode="after")

tests/backend/unit/test_analysis_capital_flow.py::test_individual_fund_flow_happy_path
  /opt/anaconda3/lib/python3.12/site-packages/openbb_core/app/model/credentials.py:197: PydanticDeprecatedSince211: Accessing the 'model_fields' attribute on the instance is deprecated. Instead, you should access this attribute from the model class. Deprecated in Pydantic V2.11 to be removed in V3.0.
    if key not in self.model_fields:

-- Docs: https://docs.pytest.org/en/stable/how-to/capture-warnings.html

---------- coverage: platform darwin, python 3.12.2-final-0 ----------
Name                                    Stmts   Miss Branch BrPart  Cover   Missing
-----------------------------------------------------------------------------------
app/analysis/capital_flow_analyzer.py     252     65     88     14    65%   31-34, 55-57, 77-80, 86-117, 138->147, 144, 149-152, 156-161, 195-197, 200->214, 231-234, 238-240, 276-279, 285-288, 305-308, 314-317, 333-336, 342-345, 357-360
app/analysis/etf_analyzer.py              366    146     92     21    57%   27->29, 51-54, 67->78, 73, 84->83, 90-92, 110->121, 138->168, 154-155, 160-161, 174-175, 179->206, 220->231, 226-229, 232-236, 248->274, 265-266, 279-281, 321, 339-341, 354-436, 447->458, 450-453, 464-481, 501-568, 609-612
app/analysis/fundamental_analyzer.py      172     55     96     30    65%   34-35, 41, 49, 55-56, 69, 74, 80, 88, 94, 101, 103, 108, 110, 115-117, 122-124, 130, 132-137, 152-154, 159, 163-165, 169-171, 174, 181, 186-189, 196, 200, 202, 207, 210-211, 218, 220, 223->226, 229, 231, 234-235, 241
app/analysis/scenario_predictor.py        113      9     20      6    89%   52->58, 78, 88, 199-200, 206, 208, 210-212
app/analysis/stock_qa.py                  192     76     62      7    56%   57->63, 63->67, 163->159, 188, 207, 220-223, 298-300, 307-309, 354->353, 375-391, 397, 412-517
-----------------------------------------------------------------------------------
TOTAL                                    1095    351    358     78    63%

======================= 55 passed, 11 warnings in 12.18s =======================
