============================= test session starts ==============================
platform darwin -- Python 3.12.2, pytest-7.3.1, pluggy-1.6.0 -- /opt/anaconda3/bin/python
cachedir: .pytest_cache
rootdir: /Users/panda/Downloads/StockAnal_Sys
configfile: pytest.ini
plugins: freezegun-0.4.2, langsmith-0.4.37, cov-4.1.0, asyncio-0.21.1, anyio-4.13.0
asyncio: mode=Mode.STRICT
collecting ... collected 52 items

tests/backend/unit/test_analysis_stock_analyzer.py::TestInit::test_init_default_params PASSED [  1%]
tests/backend/unit/test_analysis_stock_analyzer.py::TestInit::test_init_has_data_provider PASSED [  3%]
tests/backend/unit/test_analysis_stock_analyzer.py::TestInit::test_init_logger_present PASSED [  5%]
tests/backend/unit/test_analysis_stock_analyzer.py::TestGetStockData::test_get_stock_data_a_share_success PASSED [  7%]
tests/backend/unit/test_analysis_stock_analyzer.py::TestGetStockData::test_get_stock_data_empty_returns_empty_df PASSED [  9%]
tests/backend/unit/test_analysis_stock_analyzer.py::TestGetStockData::test_get_stock_data_unsupported_market_returns_empty PASSED [ 11%]
tests/backend/unit/test_analysis_stock_analyzer.py::TestGetStockData::test_get_stock_data_caches_result PASSED [ 13%]
tests/backend/unit/test_analysis_stock_analyzer.py::TestGetStockInfo::test_get_stock_info_happy_path PASSED [ 15%]
tests/backend/unit/test_analysis_stock_analyzer.py::TestGetStockInfo::test_get_stock_info_fallback_fields PASSED [ 17%]
tests/backend/unit/test_analysis_stock_analyzer.py::TestGetStockInfo::test_get_stock_info_exception_returns_unknown PASSED [ 19%]
tests/backend/unit/test_analysis_stock_analyzer.py::TestBasicIndicators::test_calculate_ema PASSED [ 21%]
tests/backend/unit/test_analysis_stock_analyzer.py::TestBasicIndicators::test_calculate_rsi_range PASSED [ 23%]
tests/backend/unit/test_analysis_stock_analyzer.py::TestBasicIndicators::test_calculate_macd_shapes PASSED [ 25%]
tests/backend/unit/test_analysis_stock_analyzer.py::TestBasicIndicators::test_calculate_bollinger_bands PASSED [ 26%]
tests/backend/unit/test_analysis_stock_analyzer.py::TestCalculateIndicators::test_indicators_columns_present PASSED [ 28%]
tests/backend/unit/test_analysis_stock_analyzer.py::TestCalculateIndicators::test_indicators_values_finite_in_tail PASSED [ 30%]
tests/backend/unit/test_analysis_stock_analyzer.py::TestCalculateIndicators::test_indicators_handles_short_df PASSED [ 32%]
tests/backend/unit/test_analysis_stock_analyzer.py::TestCalculateScore::test_score_in_range PASSED [ 34%]
tests/backend/unit/test_analysis_stock_analyzer.py::TestCalculateScore::test_score_us_market_weight PASSED [ 36%]
tests/backend/unit/test_analysis_stock_analyzer.py::TestCalculateScore::test_score_exception_returns_default PASSED [ 38%]
tests/backend/unit/test_analysis_stock_analyzer.py::TestCalculateTechnicalScore::test_technical_score_structure PASSED [ 40%]
tests/backend/unit/test_analysis_stock_analyzer.py::TestCalculateTechnicalScore::test_technical_score_short_df PASSED [ 42%]
tests/backend/unit/test_analysis_stock_analyzer.py::TestCalculateTechnicalScore::test_technical_score_bounds PASSED [ 44%]
tests/backend/unit/test_analysis_stock_analyzer.py::TestRecommendation::test_recommendation_threshold[90-\u5f3a\u70c8] PASSED [ 46%]
tests/backend/unit/test_analysis_stock_analyzer.py::TestRecommendation::test_recommendation_threshold[75-\u5efa\u8bae\u4e70\u5165] PASSED [ 48%]
tests/backend/unit/test_analysis_stock_analyzer.py::TestRecommendation::test_recommendation_threshold[60-\u8c28\u614e\u4e70\u5165] PASSED [ 50%]
tests/backend/unit/test_analysis_stock_analyzer.py::TestRecommendation::test_recommendation_threshold[50-\u89c2\u671b] PASSED [ 51%]
tests/backend/unit/test_analysis_stock_analyzer.py::TestRecommendation::test_recommendation_threshold[35-\u8c28\u614e\u6301\u6709] PASSED [ 53%]
tests/backend/unit/test_analysis_stock_analyzer.py::TestRecommendation::test_recommendation_threshold[20-\u51cf\u4ed3] PASSED [ 55%]
tests/backend/unit/test_analysis_stock_analyzer.py::TestRecommendation::test_recommendation_threshold[5-\u5356\u51fa] PASSED [ 57%]
tests/backend/unit/test_analysis_stock_analyzer.py::TestRecommendation::test_recommendation_high_volatility_adjust PASSED [ 59%]
tests/backend/unit/test_analysis_stock_analyzer.py::TestRecommendation::test_recommendation_us_earnings_season PASSED [ 61%]
tests/backend/unit/test_analysis_stock_analyzer.py::TestRecommendation::test_recommendation_exception_safe_default PASSED [ 63%]
tests/backend/unit/test_analysis_stock_analyzer.py::TestSupportResistance::test_support_resistance_structure PASSED [ 65%]
tests/backend/unit/test_analysis_stock_analyzer.py::TestSupportResistance::test_support_below_resistance_above_price PASSED [ 67%]
tests/backend/unit/test_analysis_stock_analyzer.py::TestSupportResistance::test_support_resistance_with_simple_df_raises PASSED [ 69%]
tests/backend/unit/test_analysis_stock_analyzer.py::TestRiskControl::test_consecutive_losses_triggers PASSED [ 71%]
tests/backend/unit/test_analysis_stock_analyzer.py::TestRiskControl::test_consecutive_losses_not_trigger PASSED [ 73%]
tests/backend/unit/test_analysis_stock_analyzer.py::TestRiskControl::test_consecutive_losses_empty PASSED [ 75%]
tests/backend/unit/test_analysis_stock_analyzer.py::TestRiskControl::test_profit_taking_threshold_hit PASSED [ 76%]
tests/backend/unit/test_analysis_stock_analyzer.py::TestRiskControl::test_profit_taking_below_threshold PASSED [ 78%]
tests/backend/unit/test_analysis_stock_analyzer.py::TestRiskControl::test_profit_taking_at_threshold PASSED [ 80%]
tests/backend/unit/test_analysis_stock_analyzer.py::TestQuickAnalyze::test_quick_analyze_happy_path PASSED [ 82%]
tests/backend/unit/test_analysis_stock_analyzer.py::TestQuickAnalyze::test_quick_analyze_empty_data_raises PASSED [ 84%]
tests/backend/unit/test_analysis_stock_analyzer.py::TestQuickAnalyze::test_quick_analyze_info_failure_uses_default PASSED [ 86%]
tests/backend/unit/test_analysis_stock_analyzer.py::TestFormatIndicatorData::test_format_returns_dataframe PASSED [ 88%]
tests/backend/unit/test_analysis_stock_analyzer.py::TestFormatIndicatorData::test_format_rounds_price_columns PASSED [ 90%]
tests/backend/unit/test_analysis_stock_analyzer.py::TestFormatIndicatorData::test_format_missing_columns_safe PASSED [ 92%]
tests/backend/unit/test_analysis_stock_analyzer.py::TestPerformEnhancedAnalysis::test_enhanced_analysis_happy_path PASSED [ 94%]
tests/backend/unit/test_analysis_stock_analyzer.py::TestPerformEnhancedAnalysis::test_enhanced_analysis_empty_data_handled PASSED [ 96%]
tests/backend/unit/test_analysis_stock_analyzer.py::TestATR::test_atr_length PASSED [ 98%]
tests/backend/unit/test_analysis_stock_analyzer.py::TestATR::test_atr_non_negative_tail PASSED [100%]

=============================== warnings summary ===============================
tests/backend/unit/test_analysis_stock_analyzer.py::TestInit::test_init_default_params
  /opt/anaconda3/lib/python3.12/site-packages/openbb_core/provider/utils/client.py:65: DeprecationWarning: Inheritance class ClientSession from ClientSession is discouraged
    class ClientSession(aiohttp.ClientSession):

tests/backend/unit/test_analysis_stock_analyzer.py::TestInit::test_init_default_params
  /opt/anaconda3/lib/python3.12/site-packages/openbb_core/app/model/system_settings.py:77: PydanticDeprecatedSince212: Using `@model_validator` with mode='after' on a classmethod is deprecated. Instead, use an instance method. See the documentation at https://docs.pydantic.dev/2.12/concepts/validators/#model-after-validator. Deprecated in Pydantic V2.12 to be removed in V3.0.
    @model_validator(mode="after")  # type: ignore

tests/backend/unit/test_analysis_stock_analyzer.py::TestInit::test_init_default_params
  /opt/anaconda3/lib/python3.12/site-packages/openbb_intrinio/models/equity_historical.py:83: PydanticDeprecatedSince212: Using `@model_validator` with mode='after' on a classmethod is deprecated. Instead, use an instance method. See the documentation at https://docs.pydantic.dev/2.12/concepts/validators/#model-after-validator. Deprecated in Pydantic V2.12 to be removed in V3.0.
    @model_validator(mode="after")

tests/backend/unit/test_analysis_stock_analyzer.py::TestInit::test_init_default_params
  /opt/anaconda3/lib/python3.12/site-packages/openbb_intrinio/models/forward_eps_estimates.py:52: PydanticDeprecatedSince212: Using `@model_validator` with mode='after' on a classmethod is deprecated. Instead, use an instance method. See the documentation at https://docs.pydantic.dev/2.12/concepts/validators/#model-after-validator. Deprecated in Pydantic V2.12 to be removed in V3.0.
    @model_validator(mode="after")

tests/backend/unit/test_analysis_stock_analyzer.py::TestInit::test_init_default_params
  /opt/anaconda3/lib/python3.12/site-packages/openbb_intrinio/models/forward_sales_estimates.py:52: PydanticDeprecatedSince212: Using `@model_validator` with mode='after' on a classmethod is deprecated. Instead, use an instance method. See the documentation at https://docs.pydantic.dev/2.12/concepts/validators/#model-after-validator. Deprecated in Pydantic V2.12 to be removed in V3.0.
    @model_validator(mode="after")

tests/backend/unit/test_analysis_stock_analyzer.py::TestInit::test_init_default_params
  /opt/anaconda3/lib/python3.12/site-packages/openbb_intrinio/models/options_chains.py:118: PydanticDeprecatedSince212: Using `@model_validator` with mode='after' on a classmethod is deprecated. Instead, use an instance method. See the documentation at https://docs.pydantic.dev/2.12/concepts/validators/#model-after-validator. Deprecated in Pydantic V2.12 to be removed in V3.0.
    @model_validator(mode="after")

tests/backend/unit/test_analysis_stock_analyzer.py::TestInit::test_init_default_params
  /opt/anaconda3/lib/python3.12/site-packages/openbb_polygon/models/crypto_historical.py:51: PydanticDeprecatedSince212: Using `@model_validator` with mode='after' on a classmethod is deprecated. Instead, use an instance method. See the documentation at https://docs.pydantic.dev/2.12/concepts/validators/#model-after-validator. Deprecated in Pydantic V2.12 to be removed in V3.0.
    @model_validator(mode="after")

tests/backend/unit/test_analysis_stock_analyzer.py::TestInit::test_init_default_params
  /opt/anaconda3/lib/python3.12/site-packages/openbb_polygon/models/currency_historical.py:50: PydanticDeprecatedSince212: Using `@model_validator` with mode='after' on a classmethod is deprecated. Instead, use an instance method. See the documentation at https://docs.pydantic.dev/2.12/concepts/validators/#model-after-validator. Deprecated in Pydantic V2.12 to be removed in V3.0.
    @model_validator(mode="after")

tests/backend/unit/test_analysis_stock_analyzer.py::TestInit::test_init_default_params
  /opt/anaconda3/lib/python3.12/site-packages/openbb_polygon/models/equity_historical.py:59: PydanticDeprecatedSince212: Using `@model_validator` with mode='after' on a classmethod is deprecated. Instead, use an instance method. See the documentation at https://docs.pydantic.dev/2.12/concepts/validators/#model-after-validator. Deprecated in Pydantic V2.12 to be removed in V3.0.
    @model_validator(mode="after")

tests/backend/unit/test_analysis_stock_analyzer.py::TestInit::test_init_default_params
  /opt/anaconda3/lib/python3.12/site-packages/openbb_polygon/models/index_historical.py:49: PydanticDeprecatedSince212: Using `@model_validator` with mode='after' on a classmethod is deprecated. Instead, use an instance method. See the documentation at https://docs.pydantic.dev/2.12/concepts/validators/#model-after-validator. Deprecated in Pydantic V2.12 to be removed in V3.0.
    @model_validator(mode="after")

tests/backend/unit/test_analysis_stock_analyzer.py::TestInit::test_init_default_params
  /opt/anaconda3/lib/python3.12/site-packages/openbb_core/app/model/credentials.py:197: PydanticDeprecatedSince211: Accessing the 'model_fields' attribute on the instance is deprecated. Instead, you should access this attribute from the model class. Deprecated in Pydantic V2.11 to be removed in V3.0.
    if key not in self.model_fields:

-- Docs: https://docs.pytest.org/en/stable/how-to/capture-warnings.html
======================= 52 passed, 11 warnings in 4.08s ========================

tests/backend/unit/test_analysis_stock_analyzer.py::TestInit::test_init_default_params
  /opt/anaconda3/lib/python3.12/site-packages/openbb_core/app/model/credentials.py:197: PydanticDeprecatedSince211: Accessing the 'model_fields' attribute on the instance is deprecated. Instead, you should access this attribute from the model class. Deprecated in Pydantic V2.11 to be removed in V3.0.
    if key not in self.model_fields:

-- Docs: https://docs.pytest.org/en/stable/how-to/capture-warnings.html

---------- coverage: platform darwin, python 3.12.2-final-0 ----------
Name                             Stmts   Miss Branch BrPart  Cover   Missing
----------------------------------------------------------------------------
app/analysis/stock_analyzer.py     767    338    310     65    52%   89-90, 93-94, 111, 115, 127, 142-169, 306-307, 316-321, 324->326, 326->328, 328->332, 342-350, 359, 362, 365, 366->371, 374-382, 388, 391, 392->397, 408, 411, 414, 417, 430-441, 459, 464-471, 506-536, 578->601, 579->601, 585-589, 591->601, 595->601, 603-611, 613-632, 643-644, 646-647, 651-653, 655-657, 737-743, 748-753, 765-885, 895-911, 917-1023, 1027-1043, 1047-1057, 1061-1071, 1076-1117, 1122-1163, 1239-1242, 1271, 1282->1285, 1303, 1308, 1319->1321, 1321->1325, 1364-1370, 1375-1376, 1387, 1389, 1391, 1392->1396, 1400-1401, 1420, 1422, 1425, 1427, 1438, 1439->1443, 1443->1452, 1445, 1447, 1448->1452, 1466-1469, 1503, 1617-1618, 1621->exit, 1624-1625, 1629, 1641-1642
----------------------------------------------------------------------------
TOTAL                              767    338    310     65    52%

======================= 52 passed, 11 warnings in 9.26s ========================
