============================= test session starts ==============================
platform darwin -- Python 3.12.2, pytest-7.3.1, pluggy-1.6.0 -- /opt/anaconda3/bin/python
cachedir: .pytest_cache
rootdir: /Users/panda/Downloads/StockAnal_Sys
configfile: pytest.ini
plugins: freezegun-0.4.2, langsmith-0.4.37, cov-4.1.0, asyncio-0.21.1, anyio-4.13.0
asyncio: mode=Mode.STRICT
collecting ... collected 29 items

tests/backend/integration/test_coordinator.py::TestWrapWithEvents::test_success_path_publishes_started_and_completed PASSED [  3%]
tests/backend/integration/test_coordinator.py::TestWrapWithEvents::test_event_payload_contains_agent_name_and_stock_code PASSED [  6%]
tests/backend/integration/test_coordinator.py::TestWrapWithEvents::test_reasoning_event_also_published PASSED [ 10%]
tests/backend/integration/test_coordinator.py::TestWrapWithEvents::test_exception_path_currently_swallowed_no_failed_event PASSED [ 13%]
tests/backend/integration/test_coordinator.py::TestSummarizeDebate::test_with_both_cases_returns_debate_summary PASSED [ 17%]
tests/backend/integration/test_coordinator.py::TestSummarizeDebate::test_empty_cases_returns_skipped PASSED [ 20%]
tests/backend/integration/test_coordinator.py::TestSummarizeDebate::test_long_case_truncated_to_300 PASSED [ 24%]
tests/backend/integration/test_coordinator.py::TestSummarizeDebate::test_tendency_bullish_when_bull_high_confidence PASSED [ 27%]
tests/backend/integration/test_coordinator.py::TestRouteAfterTechnical::test_error_returns_fast_fail PASSED [ 31%]
tests/backend/integration/test_coordinator.py::TestRouteAfterTechnical::test_depth_3_returns_parallel PASSED [ 34%]
tests/backend/integration/test_coordinator.py::TestRouteAfterTechnical::test_depth_2_returns_parallel PASSED [ 37%]
tests/backend/integration/test_coordinator.py::TestRouteAfterTechnical::test_depth_1_returns_direct_decision PASSED [ 41%]
tests/backend/integration/test_coordinator.py::TestRouteAfterTechnical::test_no_technical_report_returns_direct_when_depth_1 PASSED [ 44%]
tests/backend/integration/test_coordinator.py::TestRouteAfterTechnical::test_empty_technical_report_dict_treated_as_no_error PASSED [ 48%]
tests/backend/integration/test_coordinator.py::TestGetCheckpointer::test_first_call_creates_instance PASSED [ 51%]
tests/backend/integration/test_coordinator.py::TestGetCheckpointer::test_second_call_returns_same_instance PASSED [ 55%]
tests/backend/integration/test_coordinator.py::TestGetCheckpointer::test_sqlite_unavailable_falls_back_to_none PASSED [ 58%]
tests/backend/integration/test_coordinator.py::TestGetCheckpointer::test_concurrent_10_threads_returns_same_instance PASSED [ 62%]
tests/backend/integration/test_coordinator.py::TestGetCheckpointer::test_concurrent_no_database_is_locked PASSED [ 65%]
tests/backend/integration/test_coordinator.py::TestBuildAnalysisGraph::test_returns_non_none PASSED [ 68%]
tests/backend/integration/test_coordinator.py::TestBuildAnalysisGraph::test_depth_5_contains_all_core_nodes PASSED [ 72%]
tests/backend/integration/test_coordinator.py::TestBuildAnalysisGraph::test_depth_1_only_minimal_nodes PASSED [ 75%]
tests/backend/integration/test_coordinator.py::TestBuildAnalysisGraph::test_depth_3_has_sentiment_no_debate PASSED [ 79%]
tests/backend/integration/test_coordinator.py::TestBuildAnalysisGraph::test_conditional_edges_exist PASSED [ 82%]
tests/backend/integration/test_coordinator.py::TestRunAgentAnalysis::test_full_invoke_returns_final_decision PASSED [ 86%]
tests/backend/integration/test_coordinator.py::TestRunAgentAnalysis::test_invoke_publishes_analysis_events PASSED [ 89%]
tests/backend/integration/test_coordinator.py::TestRunAgentAnalysis::test_exception_in_agent_falls_back_to_hold PASSED [ 93%]
tests/backend/integration/test_coordinator.py::TestRunAgentAnalysis::test_invoke_with_default_thread_id_when_no_conversation_id PASSED [ 96%]
tests/backend/integration/test_coordinator.py::TestCoordinatorAgentClass::test_run_delegates PASSED [100%]

============================== 29 passed in 0.45s ==============================
============================= test session starts ==============================
platform darwin -- Python 3.12.2, pytest-7.3.1, pluggy-1.6.0
rootdir: /Users/panda/Downloads/StockAnal_Sys
configfile: pytest.ini
plugins: freezegun-0.4.2, langsmith-0.4.37, cov-4.1.0, asyncio-0.21.1, anyio-4.13.0
asyncio: mode=Mode.STRICT
collected 29 items

tests/backend/integration/test_coordinator.py .......................... [ 89%]
...                                                                      [100%]

---------- coverage: platform darwin, python 3.12.2-final-0 ----------
Name                        Stmts   Miss Branch BrPart  Cover   Missing
-----------------------------------------------------------------------
app/agents/coordinator.py     200     25     40      8    86%   78-79, 96-97, 125, 142, 146, 218, 241->246, 297-302, 332-333, 339, 396-398, 404-405, 426-427, 436-438
-----------------------------------------------------------------------
TOTAL                         200     25     40      8    86%


============================== 29 passed in 0.76s ==============================
